#! /c/Source/iverilog-install/bin/vvp
:ivl_version "12.0 (devel)" "(s20150603-1539-g2693dd32b)";
:ivl_delay_selection "TYPICAL";
:vpi_time_precision - 12;
:vpi_module "C:\iverilog\lib\ivl\system.vpi";
:vpi_module "C:\iverilog\lib\ivl\vhdl_sys.vpi";
:vpi_module "C:\iverilog\lib\ivl\vhdl_textio.vpi";
:vpi_module "C:\iverilog\lib\ivl\v2005_math.vpi";
:vpi_module "C:\iverilog\lib\ivl\va_math.vpi";
S_000002d9cde75f60 .scope module, "TopModule_tb" "TopModule_tb" 2 3;
 .timescale -9 -12;
v000002d9cdee8a20_0 .var "Cal", 7 0;
v000002d9cdee9ba0_0 .var "MET", 1 0;
v000002d9cdee9880_0 .var "W", 7 0;
v000002d9cdee9a60_0 .net "buzzer", 0 0, v000002d9cde631d0_0;  1 drivers
v000002d9cdee8e80_0 .var "clk", 0 0;
v000002d9cdee8d40_0 .var "gender", 0 0;
v000002d9cdee9c40_0 .var/i "i", 31 0;
v000002d9cdee9240_0 .var/i "infile", 31 0;
v000002d9cdee8ac0_0 .var/i "outfile", 31 0;
v000002d9cdee9ce0_0 .var "reset", 0 0;
v000002d9cdee8b60_0 .var/i "scan_status", 31 0;
v000002d9cdee92e0_0 .var "skip", 0 0;
v000002d9cdee7e40_0 .var "start", 0 0;
v000002d9cdee8200_0 .net "time_remain", 5 0, v000002d9cde63630_0;  1 drivers
v000002d9cdee8160_0 .net "workout_num", 7 0, v000002d9cde62690_0;  1 drivers
S_000002d9cde747a0 .scope module, "uut" "TopModule" 2 19, 3 175 0, S_000002d9cde75f60;
 .timescale 0 0;
    .port_info 0 /INPUT 1 "clk";
    .port_info 1 /INPUT 1 "reset";
    .port_info 2 /INPUT 1 "start";
    .port_info 3 /INPUT 1 "skip";
    .port_info 4 /INPUT 8 "Cal";
    .port_info 5 /INPUT 8 "W";
    .port_info 6 /INPUT 1 "gender";
    .port_info 7 /INPUT 2 "MET";
    .port_info 8 /OUTPUT 8 "workout_num";
    .port_info 9 /OUTPUT 6 "time_remain";
    .port_info 10 /OUTPUT 1 "buzzer";
    .port_info 11 /OUTPUT 8 "T";
v000002d9cdee9380_0 .net "Cal", 7 0, v000002d9cdee8a20_0;  1 drivers
v000002d9cdee8fc0_0 .net "MET", 1 0, v000002d9cdee9ba0_0;  1 drivers
v000002d9cdee9600_0 .net "T", 7 0, L_000002d9cdefce60;  1 drivers
v000002d9cdee9100_0 .net "W", 7 0, v000002d9cdee9880_0;  1 drivers
v000002d9cdee9560_0 .net "buzzer", 0 0, v000002d9cde631d0_0;  alias, 1 drivers
v000002d9cdee9e20_0 .net "clk", 0 0, v000002d9cdee8e80_0;  1 drivers
v000002d9cdee94c0_0 .net "gender", 0 0, v000002d9cdee8d40_0;  1 drivers
v000002d9cdee9920_0 .net "reset", 0 0, v000002d9cdee9ce0_0;  1 drivers
v000002d9cdee9060_0 .net "resultCalW60", 7 0, L_000002d9cdee7440;  1 drivers
v000002d9cdee97e0_0 .net "skip", 0 0, v000002d9cdee92e0_0;  1 drivers
v000002d9cdee96a0_0 .net "start", 0 0, v000002d9cdee7e40_0;  1 drivers
v000002d9cdee9f60_0 .net "time_remain", 5 0, v000002d9cde63630_0;  alias, 1 drivers
v000002d9cdee8ca0_0 .net "workout_num", 7 0, v000002d9cde62690_0;  alias, 1 drivers
L_000002d9cdee7080 .part v000002d9cdee8a20_0, 0, 2;
L_000002d9cdee8340 .part v000002d9cdee9880_0, 0, 3;
S_000002d9cde08620 .scope module, "fsm_ctrl" "fsm_workout" 3 207, 3 84 0, S_000002d9cde747a0;
 .timescale 0 0;
    .port_info 0 /INPUT 1 "clk";
    .port_info 1 /INPUT 1 "reset";
    .port_info 2 /INPUT 1 "start";
    .port_info 3 /INPUT 1 "skip";
    .port_info 4 /INPUT 8 "T_input";
    .port_info 5 /OUTPUT 8 "workout_num";
    .port_info 6 /OUTPUT 6 "time_remain";
    .port_info 7 /OUTPUT 1 "buzzer";
P_000002d9cde087b0 .param/l "REST_TIME" 0 3 105, C4<001111>;
P_000002d9cde087e8 .param/l "S0" 0 3 95, C4<000>;
P_000002d9cde08820 .param/l "S1" 0 3 96, C4<001>;
P_000002d9cde08858 .param/l "S2" 0 3 97, C4<010>;
P_000002d9cde08890 .param/l "S3" 0 3 98, C4<011>;
P_000002d9cde088c8 .param/l "S4" 0 3 99, C4<100>;
P_000002d9cde08900 .param/l "S5" 0 3 100, C4<101>;
P_000002d9cde08938 .param/l "WORK_TIME" 0 3 104, C4<101101>;
v000002d9cde63270_0 .net "T_input", 7 0, L_000002d9cdefce60;  alias, 1 drivers
v000002d9cde631d0_0 .var "buzzer", 0 0;
v000002d9cde633b0_0 .net "clk", 0 0, v000002d9cdee8e80_0;  alias, 1 drivers
v000002d9cde62550_0 .var "next_state", 2 0;
v000002d9cde63450_0 .net "reset", 0 0, v000002d9cdee9ce0_0;  alias, 1 drivers
v000002d9cde634f0_0 .net "skip", 0 0, v000002d9cdee92e0_0;  alias, 1 drivers
v000002d9cde62410_0 .net "start", 0 0, v000002d9cdee7e40_0;  alias, 1 drivers
v000002d9cde63590_0 .var "state", 2 0;
v000002d9cde63630_0 .var "time_remain", 5 0;
v000002d9cde62690_0 .var "workout_num", 7 0;
E_000002d9cde738c0 .event posedge, v000002d9cde633b0_0;
E_000002d9cde73fc0/0 .event anyedge, v000002d9cde63590_0, v000002d9cde62410_0, v000002d9cde634f0_0, v000002d9cde62690_0;
E_000002d9cde73fc0/1 .event anyedge, v000002d9cde63270_0, v000002d9cde63630_0;
E_000002d9cde73fc0 .event/or E_000002d9cde73fc0/0, E_000002d9cde73fc0/1;
S_000002d9cde7bc80 .scope module, "part1Formula" "CalW60" 3 194, 3 1 0, S_000002d9cde747a0;
 .timescale 0 0;
    .port_info 0 /INPUT 2 "Cal";
    .port_info 1 /INPUT 3 "W";
    .port_info 2 /OUTPUT 8 "o";
L_000002d9cde78c70 .functor NOT 1, L_000002d9cdee76c0, C4<0>, C4<0>, C4<0>;
L_000002d9cde78d50 .functor AND 1, L_000002d9cdee69a0, L_000002d9cde78c70, C4<1>, C4<1>;
L_000002d9cde78b20 .functor NOT 1, L_000002d9cdee82a0, C4<0>, C4<0>, C4<0>;
L_000002d9cde78810 .functor AND 1, L_000002d9cde78d50, L_000002d9cde78b20, C4<1>, C4<1>;
L_000002d9cde788f0 .functor NOT 1, L_000002d9cdee76c0, C4<0>, C4<0>, C4<0>;
L_000002d9cde78dc0 .functor AND 1, L_000002d9cdee6cc0, L_000002d9cde788f0, C4<1>, C4<1>;
L_000002d9cde79290 .functor AND 1, L_000002d9cde78dc0, L_000002d9cdee82a0, C4<1>, C4<1>;
L_000002d9cde791b0 .functor OR 1, L_000002d9cde78810, L_000002d9cde79290, C4<0>, C4<0>;
L_000002d9cde78b90 .functor NOT 1, L_000002d9cdee6cc0, C4<0>, C4<0>, C4<0>;
L_000002d9cde78960 .functor AND 1, L_000002d9cde78b90, L_000002d9cdee7bc0, C4<1>, C4<1>;
L_000002d9cde78f10 .functor AND 1, L_000002d9cde78960, L_000002d9cdee82a0, C4<1>, C4<1>;
L_000002d9cde78880 .functor AND 1, L_000002d9cde78f10, L_000002d9cdee76c0, C4<1>, C4<1>;
L_000002d9cde78ab0 .functor OR 1, L_000002d9cde791b0, L_000002d9cde78880, C4<0>, C4<0>;
L_000002d9cde78ff0 .functor NOT 1, L_000002d9cdee69a0, C4<0>, C4<0>, C4<0>;
L_000002d9cde78570 .functor AND 1, L_000002d9cde78ff0, L_000002d9cdee7bc0, C4<1>, C4<1>;
L_000002d9cde78ce0 .functor AND 1, L_000002d9cde78570, L_000002d9cdee82a0, C4<1>, C4<1>;
L_000002d9cde78e30 .functor NOT 1, L_000002d9cdee6cc0, C4<0>, C4<0>, C4<0>;
L_000002d9cde79060 .functor AND 1, L_000002d9cde78ce0, L_000002d9cde78e30, C4<1>, C4<1>;
L_000002d9cde790d0 .functor OR 1, L_000002d9cde78ab0, L_000002d9cde79060, C4<0>, C4<0>;
L_000002d9cde785e0 .functor AND 1, L_000002d9cdee7bc0, L_000002d9cdee69a0, C4<1>, C4<1>;
L_000002d9cde79370 .functor NOT 1, L_000002d9cdee6cc0, C4<0>, C4<0>, C4<0>;
L_000002d9cde789d0 .functor AND 1, L_000002d9cde785e0, L_000002d9cde79370, C4<1>, C4<1>;
L_000002d9cde78490 .functor NOT 1, L_000002d9cdee82a0, C4<0>, C4<0>, C4<0>;
L_000002d9cde79140 .functor AND 1, L_000002d9cde789d0, L_000002d9cde78490, C4<1>, C4<1>;
L_000002d9cde78ea0 .functor OR 1, L_000002d9cde790d0, L_000002d9cde79140, C4<0>, C4<0>;
L_000002d9cde786c0 .functor NOT 1, L_000002d9cdee76c0, C4<0>, C4<0>, C4<0>;
L_000002d9cde78730 .functor AND 1, L_000002d9cdee7bc0, L_000002d9cde786c0, C4<1>, C4<1>;
L_000002d9cde78500 .functor NOT 1, L_000002d9cdee6cc0, C4<0>, C4<0>, C4<0>;
L_000002d9cde78650 .functor AND 1, L_000002d9cde78730, L_000002d9cde78500, C4<1>, C4<1>;
L_000002d9cde78a40 .functor NOT 1, L_000002d9cdee82a0, C4<0>, C4<0>, C4<0>;
L_000002d9cde78f80 .functor AND 1, L_000002d9cde78650, L_000002d9cde78a40, C4<1>, C4<1>;
L_000002d9cde79220 .functor OR 1, L_000002d9cde78ea0, L_000002d9cde78f80, C4<0>, C4<0>;
L_000002d9cde79300 .functor AND 1, L_000002d9cdee76c0, L_000002d9cdee6cc0, C4<1>, C4<1>;
L_000002d9cde19fb0 .functor AND 1, L_000002d9cde79300, L_000002d9cdee7bc0, C4<1>, C4<1>;
L_000002d9cde61c60 .functor NOT 1, L_000002d9cdee82a0, C4<0>, C4<0>, C4<0>;
L_000002d9cdeec700 .functor AND 1, L_000002d9cde19fb0, L_000002d9cde61c60, C4<1>, C4<1>;
L_000002d9cdeec540 .functor NOT 1, L_000002d9cdee69a0, C4<0>, C4<0>, C4<0>;
L_000002d9cdeec230 .functor AND 1, L_000002d9cdeec700, L_000002d9cdeec540, C4<1>, C4<1>;
L_000002d9cdeec310 .functor OR 1, L_000002d9cde79220, L_000002d9cdeec230, C4<0>, C4<0>;
L_000002d9cdeed880 .functor NOT 1, L_000002d9cdee76c0, C4<0>, C4<0>, C4<0>;
L_000002d9cdeedd50 .functor AND 1, L_000002d9cdee7bc0, L_000002d9cdeed880, C4<1>, C4<1>;
L_000002d9cdeec770 .functor NOT 1, L_000002d9cdee82a0, C4<0>, C4<0>, C4<0>;
L_000002d9cdeec2a0 .functor AND 1, L_000002d9cdeedd50, L_000002d9cdeec770, C4<1>, C4<1>;
L_000002d9cdeece00 .functor AND 1, L_000002d9cdee6cc0, L_000002d9cdee7bc0, C4<1>, C4<1>;
L_000002d9cdeed340 .functor NOT 1, L_000002d9cdee82a0, C4<0>, C4<0>, C4<0>;
L_000002d9cdeeddc0 .functor AND 1, L_000002d9cdeece00, L_000002d9cdeed340, C4<1>, C4<1>;
L_000002d9cdeed810 .functor OR 1, L_000002d9cdeec2a0, L_000002d9cdeeddc0, C4<0>, C4<0>;
L_000002d9cdeecee0 .functor NOT 1, L_000002d9cdee69a0, C4<0>, C4<0>, C4<0>;
L_000002d9cdeed260 .functor AND 1, L_000002d9cdee7bc0, L_000002d9cdeecee0, C4<1>, C4<1>;
L_000002d9cdeed2d0 .functor NOT 1, L_000002d9cdee82a0, C4<0>, C4<0>, C4<0>;
L_000002d9cdeeda40 .functor AND 1, L_000002d9cdeed260, L_000002d9cdeed2d0, C4<1>, C4<1>;
L_000002d9cdeecd20 .functor OR 1, L_000002d9cdeed810, L_000002d9cdeeda40, C4<0>, C4<0>;
L_000002d9cdeec380 .functor AND 1, L_000002d9cdee69a0, L_000002d9cdee6cc0, C4<1>, C4<1>;
L_000002d9cdeed3b0 .functor NOT 1, L_000002d9cdee76c0, C4<0>, C4<0>, C4<0>;
L_000002d9cdeec7e0 .functor AND 1, L_000002d9cdeec380, L_000002d9cdeed3b0, C4<1>, C4<1>;
L_000002d9cdeec3f0 .functor NOT 1, L_000002d9cdee82a0, C4<0>, C4<0>, C4<0>;
L_000002d9cdeec460 .functor AND 1, L_000002d9cdeec7e0, L_000002d9cdeec3f0, C4<1>, C4<1>;
L_000002d9cdeedb20 .functor OR 1, L_000002d9cdeecd20, L_000002d9cdeec460, C4<0>, C4<0>;
L_000002d9cdeed650 .functor NOT 1, L_000002d9cdee6cc0, C4<0>, C4<0>, C4<0>;
L_000002d9cdeed1f0 .functor AND 1, L_000002d9cdee76c0, L_000002d9cdeed650, C4<1>, C4<1>;
L_000002d9cdeed420 .functor NOT 1, L_000002d9cdee7bc0, C4<0>, C4<0>, C4<0>;
L_000002d9cdeedab0 .functor AND 1, L_000002d9cdeed1f0, L_000002d9cdeed420, C4<1>, C4<1>;
L_000002d9cdeed490 .functor OR 1, L_000002d9cdeedb20, L_000002d9cdeedab0, C4<0>, C4<0>;
L_000002d9cdeec4d0 .functor NOT 1, L_000002d9cdee6cc0, C4<0>, C4<0>, C4<0>;
L_000002d9cdeedb90 .functor AND 1, L_000002d9cdeec4d0, L_000002d9cdee7bc0, C4<1>, C4<1>;
L_000002d9cdeec5b0 .functor AND 1, L_000002d9cdeedb90, L_000002d9cdee69a0, C4<1>, C4<1>;
L_000002d9cdeed5e0 .functor AND 1, L_000002d9cdeec5b0, L_000002d9cdee82a0, C4<1>, C4<1>;
L_000002d9cdeedc00 .functor OR 1, L_000002d9cdeed490, L_000002d9cdeed5e0, C4<0>, C4<0>;
L_000002d9cdeec8c0 .functor NOT 1, L_000002d9cdee69a0, C4<0>, C4<0>, C4<0>;
L_000002d9cdeec9a0 .functor AND 1, L_000002d9cdeec8c0, L_000002d9cdee7bc0, C4<1>, C4<1>;
L_000002d9cdeed6c0 .functor AND 1, L_000002d9cdeec9a0, L_000002d9cdee6cc0, C4<1>, C4<1>;
L_000002d9cdeedc70 .functor OR 1, L_000002d9cdeedc00, L_000002d9cdeed6c0, C4<0>, C4<0>;
L_000002d9cdeec620 .functor NOT 1, L_000002d9cdee6cc0, C4<0>, C4<0>, C4<0>;
L_000002d9cdeed500 .functor NOT 1, L_000002d9cdee69a0, C4<0>, C4<0>, C4<0>;
L_000002d9cdeec690 .functor AND 1, L_000002d9cdeec620, L_000002d9cdeed500, C4<1>, C4<1>;
L_000002d9cdeed8f0 .functor NOT 1, L_000002d9cdee7bc0, C4<0>, C4<0>, C4<0>;
L_000002d9cdeec850 .functor AND 1, L_000002d9cdeec690, L_000002d9cdeed8f0, C4<1>, C4<1>;
L_000002d9cdeece70 .functor NOT 1, L_000002d9cdee76c0, C4<0>, C4<0>, C4<0>;
L_000002d9cdeed110 .functor AND 1, L_000002d9cdeec850, L_000002d9cdeece70, C4<1>, C4<1>;
L_000002d9cdeec930 .functor NOT 1, L_000002d9cdee69a0, C4<0>, C4<0>, C4<0>;
L_000002d9cdeed960 .functor AND 1, L_000002d9cdee7bc0, L_000002d9cdeec930, C4<1>, C4<1>;
L_000002d9cdeeca10 .functor AND 1, L_000002d9cdeed960, L_000002d9cdee76c0, C4<1>, C4<1>;
L_000002d9cdeecd90 .functor NOT 1, L_000002d9cdee6cc0, C4<0>, C4<0>, C4<0>;
L_000002d9cdeeca80 .functor AND 1, L_000002d9cdeeca10, L_000002d9cdeecd90, C4<1>, C4<1>;
L_000002d9cdeecaf0 .functor NOT 1, L_000002d9cdee82a0, C4<0>, C4<0>, C4<0>;
L_000002d9cdeed570 .functor AND 1, L_000002d9cdeeca80, L_000002d9cdeecaf0, C4<1>, C4<1>;
L_000002d9cdeecf50 .functor OR 1, L_000002d9cdeed110, L_000002d9cdeed570, C4<0>, C4<0>;
L_000002d9cdeecb60 .functor NOT 1, L_000002d9cdee82a0, C4<0>, C4<0>, C4<0>;
L_000002d9cdeecbd0 .functor AND 1, L_000002d9cdeecb60, L_000002d9cdee69a0, C4<1>, C4<1>;
L_000002d9cdeecc40 .functor NOT 1, L_000002d9cdee7bc0, C4<0>, C4<0>, C4<0>;
L_000002d9cdeecfc0 .functor AND 1, L_000002d9cdeecbd0, L_000002d9cdeecc40, C4<1>, C4<1>;
L_000002d9cdeeccb0 .functor AND 1, L_000002d9cdeecfc0, L_000002d9cdee76c0, C4<1>, C4<1>;
L_000002d9cdeed9d0 .functor OR 1, L_000002d9cdeecf50, L_000002d9cdeeccb0, C4<0>, C4<0>;
L_000002d9cdeed180 .functor AND 1, L_000002d9cdee6cc0, L_000002d9cdee76c0, C4<1>, C4<1>;
L_000002d9cdeed030 .functor NOT 1, L_000002d9cdee82a0, C4<0>, C4<0>, C4<0>;
L_000002d9cdeed730 .functor AND 1, L_000002d9cdeed180, L_000002d9cdeed030, C4<1>, C4<1>;
L_000002d9cdeed7a0 .functor NOT 1, L_000002d9cdee7bc0, C4<0>, C4<0>, C4<0>;
L_000002d9cdeed0a0 .functor AND 1, L_000002d9cdeed730, L_000002d9cdeed7a0, C4<1>, C4<1>;
L_000002d9cdeedce0 .functor OR 1, L_000002d9cdeed9d0, L_000002d9cdeed0a0, C4<0>, C4<0>;
L_000002d9cdeedf10 .functor AND 1, L_000002d9cdee6cc0, L_000002d9cdee7bc0, C4<1>, C4<1>;
L_000002d9cdeedf80 .functor NOT 1, L_000002d9cdee82a0, C4<0>, C4<0>, C4<0>;
L_000002d9cdeedff0 .functor AND 1, L_000002d9cdeedf10, L_000002d9cdeedf80, C4<1>, C4<1>;
L_000002d9cdeee0d0 .functor NOT 1, L_000002d9cdee76c0, C4<0>, C4<0>, C4<0>;
L_000002d9cdeee060 .functor AND 1, L_000002d9cdeedff0, L_000002d9cdeee0d0, C4<1>, C4<1>;
L_000002d9cdeee140 .functor OR 1, L_000002d9cdeedce0, L_000002d9cdeee060, C4<0>, C4<0>;
L_000002d9cdeede30 .functor NOT 1, L_000002d9cdee6cc0, C4<0>, C4<0>, C4<0>;
L_000002d9cdeedea0 .functor AND 1, L_000002d9cdee82a0, L_000002d9cdeede30, C4<1>, C4<1>;
L_000002d9cdef0150 .functor NOT 1, L_000002d9cdee7bc0, C4<0>, C4<0>, C4<0>;
L_000002d9cdef0000 .functor AND 1, L_000002d9cdeedea0, L_000002d9cdef0150, C4<1>, C4<1>;
L_000002d9cdef0070 .functor NOT 1, L_000002d9cdee69a0, C4<0>, C4<0>, C4<0>;
L_000002d9cdef00e0 .functor AND 1, L_000002d9cdef0000, L_000002d9cdef0070, C4<1>, C4<1>;
L_000002d9cdeefe40 .functor OR 1, L_000002d9cdeee140, L_000002d9cdef00e0, C4<0>, C4<0>;
L_000002d9cdeefeb0 .functor NOT 1, L_000002d9cdee76c0, C4<0>, C4<0>, C4<0>;
L_000002d9cdeeff20 .functor AND 1, L_000002d9cdee82a0, L_000002d9cdeefeb0, C4<1>, C4<1>;
L_000002d9cdeeff90 .functor NOT 1, L_000002d9cdee7bc0, C4<0>, C4<0>, C4<0>;
L_000002d9cdeee550 .functor AND 1, L_000002d9cdeeff20, L_000002d9cdeeff90, C4<1>, C4<1>;
L_000002d9cdeef740 .functor OR 1, L_000002d9cdeefe40, L_000002d9cdeee550, C4<0>, C4<0>;
L_000002d9cdeee6a0 .functor AND 1, L_000002d9cdee6cc0, L_000002d9cdee82a0, C4<1>, C4<1>;
L_000002d9cdeee8d0 .functor AND 1, L_000002d9cdeee6a0, L_000002d9cdee69a0, C4<1>, C4<1>;
L_000002d9cdeef660 .functor NOT 1, L_000002d9cdee76c0, C4<0>, C4<0>, C4<0>;
L_000002d9cdeef6d0 .functor AND 1, L_000002d9cdeee8d0, L_000002d9cdeef660, C4<1>, C4<1>;
L_000002d9cdeef580 .functor OR 1, L_000002d9cdeef740, L_000002d9cdeef6d0, C4<0>, C4<0>;
L_000002d9cdeee240 .functor AND 1, L_000002d9cdee6cc0, L_000002d9cdee82a0, C4<1>, C4<1>;
L_000002d9cdeee710 .functor AND 1, L_000002d9cdeee240, L_000002d9cdee76c0, C4<1>, C4<1>;
L_000002d9cdeef7b0 .functor AND 1, L_000002d9cdeee710, L_000002d9cdee7bc0, C4<1>, C4<1>;
L_000002d9cdeeeda0 .functor OR 1, L_000002d9cdeef580, L_000002d9cdeef7b0, C4<0>, C4<0>;
L_000002d9cdeef510 .functor NOT 1, L_000002d9cdee69a0, C4<0>, C4<0>, C4<0>;
L_000002d9cdeeee10 .functor NOT 1, L_000002d9cdee82a0, C4<0>, C4<0>, C4<0>;
L_000002d9cdeefa50 .functor AND 1, L_000002d9cdeef510, L_000002d9cdeeee10, C4<1>, C4<1>;
L_000002d9cdeeea20 .functor AND 1, L_000002d9cdeefa50, L_000002d9cdee76c0, C4<1>, C4<1>;
L_000002d9cdeeea90 .functor NOT 1, L_000002d9cdee6cc0, C4<0>, C4<0>, C4<0>;
L_000002d9cdeee780 .functor AND 1, L_000002d9cdeeea20, L_000002d9cdeeea90, C4<1>, C4<1>;
L_000002d9cdeee7f0 .functor NOT 1, L_000002d9cdee69a0, C4<0>, C4<0>, C4<0>;
L_000002d9cdeeee80 .functor NOT 1, L_000002d9cdee7bc0, C4<0>, C4<0>, C4<0>;
L_000002d9cdeef820 .functor AND 1, L_000002d9cdeee7f0, L_000002d9cdeeee80, C4<1>, C4<1>;
L_000002d9cdeefac0 .functor NOT 1, L_000002d9cdee76c0, C4<0>, C4<0>, C4<0>;
L_000002d9cdeefb30 .functor AND 1, L_000002d9cdeef820, L_000002d9cdeefac0, C4<1>, C4<1>;
L_000002d9cdeefc80 .functor NOT 1, L_000002d9cdee82a0, C4<0>, C4<0>, C4<0>;
L_000002d9cdeef5f0 .functor AND 1, L_000002d9cdeefb30, L_000002d9cdeefc80, C4<1>, C4<1>;
L_000002d9cdeee860 .functor OR 1, L_000002d9cdeee780, L_000002d9cdeef5f0, C4<0>, C4<0>;
L_000002d9cdeef4a0 .functor AND 1, L_000002d9cdee69a0, L_000002d9cdee7bc0, C4<1>, C4<1>;
L_000002d9cdeef0b0 .functor NOT 1, L_000002d9cdee82a0, C4<0>, C4<0>, C4<0>;
L_000002d9cdeeefd0 .functor AND 1, L_000002d9cdeef4a0, L_000002d9cdeef0b0, C4<1>, C4<1>;
L_000002d9cdeef270 .functor NOT 1, L_000002d9cdee6cc0, C4<0>, C4<0>, C4<0>;
L_000002d9cdeee9b0 .functor AND 1, L_000002d9cdeeefd0, L_000002d9cdeef270, C4<1>, C4<1>;
L_000002d9cdeee390 .functor OR 1, L_000002d9cdeee860, L_000002d9cdeee9b0, C4<0>, C4<0>;
L_000002d9cdeee940 .functor AND 1, L_000002d9cdee69a0, L_000002d9cdee76c0, C4<1>, C4<1>;
L_000002d9cdeefd60 .functor NOT 1, L_000002d9cdee7bc0, C4<0>, C4<0>, C4<0>;
L_000002d9cdeefba0 .functor AND 1, L_000002d9cdeee940, L_000002d9cdeefd60, C4<1>, C4<1>;
L_000002d9cdeee5c0 .functor NOT 1, L_000002d9cdee82a0, C4<0>, C4<0>, C4<0>;
L_000002d9cdeefcf0 .functor AND 1, L_000002d9cdeefba0, L_000002d9cdeee5c0, C4<1>, C4<1>;
L_000002d9cdeefc10 .functor OR 1, L_000002d9cdeee390, L_000002d9cdeefcf0, C4<0>, C4<0>;
L_000002d9cdeef890 .functor AND 1, L_000002d9cdee69a0, L_000002d9cdee76c0, C4<1>, C4<1>;
L_000002d9cdeef900 .functor NOT 1, L_000002d9cdee6cc0, C4<0>, C4<0>, C4<0>;
L_000002d9cdeefdd0 .functor AND 1, L_000002d9cdeef890, L_000002d9cdeef900, C4<1>, C4<1>;
L_000002d9cdeef970 .functor OR 1, L_000002d9cdeefc10, L_000002d9cdeefdd0, C4<0>, C4<0>;
L_000002d9cdeeeb00 .functor AND 1, L_000002d9cdee76c0, L_000002d9cdee7bc0, C4<1>, C4<1>;
L_000002d9cdeeeb70 .functor NOT 1, L_000002d9cdee69a0, C4<0>, C4<0>, C4<0>;
L_000002d9cdeeebe0 .functor AND 1, L_000002d9cdeeeb00, L_000002d9cdeeeb70, C4<1>, C4<1>;
L_000002d9cdeeec50 .functor AND 1, L_000002d9cdeeebe0, L_000002d9cdee6cc0, C4<1>, C4<1>;
L_000002d9cdeef120 .functor NOT 1, L_000002d9cdee82a0, C4<0>, C4<0>, C4<0>;
L_000002d9cdeef9e0 .functor AND 1, L_000002d9cdeeec50, L_000002d9cdeef120, C4<1>, C4<1>;
L_000002d9cdeee2b0 .functor OR 1, L_000002d9cdeef970, L_000002d9cdeef9e0, C4<0>, C4<0>;
L_000002d9cdeef430 .functor AND 1, L_000002d9cdee6cc0, L_000002d9cdee82a0, C4<1>, C4<1>;
L_000002d9cdeeecc0 .functor NOT 1, L_000002d9cdee76c0, C4<0>, C4<0>, C4<0>;
L_000002d9cdeeed30 .functor AND 1, L_000002d9cdeef430, L_000002d9cdeeecc0, C4<1>, C4<1>;
L_000002d9cdeee320 .functor AND 1, L_000002d9cdeeed30, L_000002d9cdee7bc0, C4<1>, C4<1>;
L_000002d9cdeeeef0 .functor OR 1, L_000002d9cdeee2b0, L_000002d9cdeee320, C4<0>, C4<0>;
L_000002d9cdeee400 .functor AND 1, L_000002d9cdee6cc0, L_000002d9cdee82a0, C4<1>, C4<1>;
L_000002d9cdeee470 .functor AND 1, L_000002d9cdeee400, L_000002d9cdee76c0, C4<1>, C4<1>;
L_000002d9cdeef040 .functor NOT 1, L_000002d9cdee7bc0, C4<0>, C4<0>, C4<0>;
L_000002d9cdeee4e0 .functor AND 1, L_000002d9cdeee470, L_000002d9cdeef040, C4<1>, C4<1>;
L_000002d9cdeee630 .functor OR 1, L_000002d9cdeeeef0, L_000002d9cdeee4e0, C4<0>, C4<0>;
L_000002d9cdeeef60 .functor AND 1, L_000002d9cdee69a0, L_000002d9cdee7bc0, C4<1>, C4<1>;
L_000002d9cdeef190 .functor NOT 1, L_000002d9cdee82a0, C4<0>, C4<0>, C4<0>;
L_000002d9cdeef200 .functor AND 1, L_000002d9cdeeef60, L_000002d9cdeef190, C4<1>, C4<1>;
L_000002d9cdeef2e0 .functor AND 1, L_000002d9cdee69a0, L_000002d9cdee76c0, C4<1>, C4<1>;
L_000002d9cdeef350 .functor NOT 1, L_000002d9cdee82a0, C4<0>, C4<0>, C4<0>;
L_000002d9cdeef3c0 .functor AND 1, L_000002d9cdeef2e0, L_000002d9cdeef350, C4<1>, C4<1>;
L_000002d9cdef2960 .functor OR 1, L_000002d9cdeef200, L_000002d9cdeef3c0, C4<0>, C4<0>;
L_000002d9cdef38b0 .functor AND 1, L_000002d9cdee69a0, L_000002d9cdee76c0, C4<1>, C4<1>;
L_000002d9cdef3840 .functor NOT 1, L_000002d9cdee7bc0, C4<0>, C4<0>, C4<0>;
L_000002d9cdef3920 .functor AND 1, L_000002d9cdef38b0, L_000002d9cdef3840, C4<1>, C4<1>;
L_000002d9cdef2dc0 .functor OR 1, L_000002d9cdef2960, L_000002d9cdef3920, C4<0>, C4<0>;
L_000002d9cdef28f0 .functor NOT 1, L_000002d9cdee69a0, C4<0>, C4<0>, C4<0>;
L_000002d9cdef2730 .functor NOT 1, L_000002d9cdee7bc0, C4<0>, C4<0>, C4<0>;
L_000002d9cdef35a0 .functor AND 1, L_000002d9cdef28f0, L_000002d9cdef2730, C4<1>, C4<1>;
L_000002d9cdef2260 .functor NOT 1, L_000002d9cdee6cc0, C4<0>, C4<0>, C4<0>;
L_000002d9cdef26c0 .functor AND 1, L_000002d9cdef35a0, L_000002d9cdef2260, C4<1>, C4<1>;
L_000002d9cdef3220 .functor OR 1, L_000002d9cdef2dc0, L_000002d9cdef26c0, C4<0>, C4<0>;
L_000002d9cdef3d80 .functor NOT 1, L_000002d9cdee69a0, C4<0>, C4<0>, C4<0>;
L_000002d9cdef3530 .functor NOT 1, L_000002d9cdee76c0, C4<0>, C4<0>, C4<0>;
L_000002d9cdef2e30 .functor AND 1, L_000002d9cdef3d80, L_000002d9cdef3530, C4<1>, C4<1>;
L_000002d9cdef2f10 .functor NOT 1, L_000002d9cdee82a0, C4<0>, C4<0>, C4<0>;
L_000002d9cdef2a40 .functor AND 1, L_000002d9cdef2e30, L_000002d9cdef2f10, C4<1>, C4<1>;
L_000002d9cdef2ab0 .functor NOT 1, L_000002d9cdee6cc0, C4<0>, C4<0>, C4<0>;
L_000002d9cdef27a0 .functor AND 1, L_000002d9cdef2a40, L_000002d9cdef2ab0, C4<1>, C4<1>;
L_000002d9cdef2810 .functor OR 1, L_000002d9cdef3220, L_000002d9cdef27a0, C4<0>, C4<0>;
L_000002d9cdef29d0 .functor NOT 1, L_000002d9cdee69a0, C4<0>, C4<0>, C4<0>;
L_000002d9cdef3300 .functor AND 1, L_000002d9cdef29d0, L_000002d9cdee7bc0, C4<1>, C4<1>;
L_000002d9cdef22d0 .functor AND 1, L_000002d9cdef3300, L_000002d9cdee82a0, C4<1>, C4<1>;
L_000002d9cdef2d50 .functor AND 1, L_000002d9cdef22d0, L_000002d9cdee76c0, C4<1>, C4<1>;
L_000002d9cdef3450 .functor OR 1, L_000002d9cdef2810, L_000002d9cdef2d50, C4<0>, C4<0>;
L_000002d9cdef2b20 .functor AND 1, L_000002d9cdee69a0, L_000002d9cdee7bc0, C4<1>, C4<1>;
L_000002d9cdef2ea0 .functor AND 1, L_000002d9cdef2b20, L_000002d9cdee82a0, C4<1>, C4<1>;
L_000002d9cdef34c0 .functor NOT 1, L_000002d9cdee6cc0, C4<0>, C4<0>, C4<0>;
L_000002d9cdef30d0 .functor AND 1, L_000002d9cdef2ea0, L_000002d9cdef34c0, C4<1>, C4<1>;
L_000002d9cdef2b90 .functor NOT 1, L_000002d9cdee76c0, C4<0>, C4<0>, C4<0>;
L_000002d9cdef3290 .functor AND 1, L_000002d9cdef30d0, L_000002d9cdef2b90, C4<1>, C4<1>;
L_000002d9cdef3140 .functor OR 1, L_000002d9cdef3450, L_000002d9cdef3290, C4<0>, C4<0>;
L_000002d9cdef3370 .functor NOT 1, L_000002d9cdee69a0, C4<0>, C4<0>, C4<0>;
L_000002d9cdef2880 .functor NOT 1, L_000002d9cdee6cc0, C4<0>, C4<0>, C4<0>;
L_000002d9cdef3df0 .functor AND 1, L_000002d9cdef3370, L_000002d9cdef2880, C4<1>, C4<1>;
L_000002d9cdef33e0 .functor NOT 1, L_000002d9cdee82a0, C4<0>, C4<0>, C4<0>;
L_000002d9cdef25e0 .functor AND 1, L_000002d9cdef3df0, L_000002d9cdef33e0, C4<1>, C4<1>;
L_000002d9cdef2c00 .functor NOT 1, L_000002d9cdee69a0, C4<0>, C4<0>, C4<0>;
L_000002d9cdef3a70 .functor NOT 1, L_000002d9cdee7bc0, C4<0>, C4<0>, C4<0>;
L_000002d9cdef3990 .functor AND 1, L_000002d9cdef2c00, L_000002d9cdef3a70, C4<1>, C4<1>;
L_000002d9cdef2c70 .functor NOT 1, L_000002d9cdee76c0, C4<0>, C4<0>, C4<0>;
L_000002d9cdef2f80 .functor AND 1, L_000002d9cdef3990, L_000002d9cdef2c70, C4<1>, C4<1>;
L_000002d9cdef2340 .functor NOT 1, L_000002d9cdee6cc0, C4<0>, C4<0>, C4<0>;
L_000002d9cdef2ce0 .functor AND 1, L_000002d9cdef2f80, L_000002d9cdef2340, C4<1>, C4<1>;
L_000002d9cdef31b0 .functor OR 1, L_000002d9cdef25e0, L_000002d9cdef2ce0, C4<0>, C4<0>;
L_000002d9cdef3610 .functor NOT 1, L_000002d9cdee69a0, C4<0>, C4<0>, C4<0>;
L_000002d9cdef3760 .functor AND 1, L_000002d9cdef3610, L_000002d9cdee7bc0, C4<1>, C4<1>;
L_000002d9cdef2490 .functor AND 1, L_000002d9cdef3760, L_000002d9cdee76c0, C4<1>, C4<1>;
L_000002d9cdef2ff0 .functor NOT 1, L_000002d9cdee6cc0, C4<0>, C4<0>, C4<0>;
L_000002d9cdef2420 .functor AND 1, L_000002d9cdef2490, L_000002d9cdef2ff0, C4<1>, C4<1>;
L_000002d9cdef3680 .functor OR 1, L_000002d9cdef31b0, L_000002d9cdef2420, C4<0>, C4<0>;
L_000002d9cdef3060 .functor NOT 1, L_000002d9cdee69a0, C4<0>, C4<0>, C4<0>;
L_000002d9cdef36f0 .functor NOT 1, L_000002d9cdee7bc0, C4<0>, C4<0>, C4<0>;
L_000002d9cdef3bc0 .functor AND 1, L_000002d9cdef3060, L_000002d9cdef36f0, C4<1>, C4<1>;
L_000002d9cdef37d0 .functor NOT 1, L_000002d9cdee82a0, C4<0>, C4<0>, C4<0>;
L_000002d9cdef23b0 .functor AND 1, L_000002d9cdef3bc0, L_000002d9cdef37d0, C4<1>, C4<1>;
L_000002d9cdef3a00 .functor OR 1, L_000002d9cdef3680, L_000002d9cdef23b0, C4<0>, C4<0>;
L_000002d9cdef2650 .functor NOT 1, L_000002d9cdee7bc0, C4<0>, C4<0>, C4<0>;
L_000002d9cdef3ae0 .functor AND 1, L_000002d9cdee69a0, L_000002d9cdef2650, C4<1>, C4<1>;
L_000002d9cdef3b50 .functor NOT 1, L_000002d9cdee76c0, C4<0>, C4<0>, C4<0>;
L_000002d9cdef2500 .functor AND 1, L_000002d9cdef3ae0, L_000002d9cdef3b50, C4<1>, C4<1>;
L_000002d9cdef2570 .functor NOT 1, L_000002d9cdee6cc0, C4<0>, C4<0>, C4<0>;
L_000002d9cdef3c30 .functor AND 1, L_000002d9cdef2500, L_000002d9cdef2570, C4<1>, C4<1>;
L_000002d9cdef3ca0 .functor OR 1, L_000002d9cdef3a00, L_000002d9cdef3c30, C4<0>, C4<0>;
L_000002d9cdef3d10 .functor AND 1, L_000002d9cdee69a0, L_000002d9cdee7bc0, C4<1>, C4<1>;
L_000002d9cdef3e60 .functor AND 1, L_000002d9cdef3d10, L_000002d9cdee6cc0, C4<1>, C4<1>;
L_000002d9cdef3ed0 .functor OR 1, L_000002d9cdef3ca0, L_000002d9cdef3e60, C4<0>, C4<0>;
L_000002d9cdef3fb0 .functor AND 1, L_000002d9cdee69a0, L_000002d9cdee76c0, C4<1>, C4<1>;
L_000002d9cdef3f40 .functor NOT 1, L_000002d9cdee7bc0, C4<0>, C4<0>, C4<0>;
L_000002d9cdef4020 .functor AND 1, L_000002d9cdef3fb0, L_000002d9cdef3f40, C4<1>, C4<1>;
L_000002d9cdef4090 .functor AND 1, L_000002d9cdef4020, L_000002d9cdee6cc0, C4<1>, C4<1>;
L_000002d9cdef4100 .functor OR 1, L_000002d9cdef3ed0, L_000002d9cdef4090, C4<0>, C4<0>;
L_000002d9cdef4170 .functor AND 1, L_000002d9cdee6cc0, L_000002d9cdee82a0, C4<1>, C4<1>;
L_000002d9cdefcb50 .functor AND 1, L_000002d9cdef4170, L_000002d9cdee7bc0, C4<1>, C4<1>;
L_000002d9cdefca00 .functor NOT 1, L_000002d9cdee76c0, C4<0>, C4<0>, C4<0>;
L_000002d9cdefd330 .functor AND 1, L_000002d9cdefcb50, L_000002d9cdefca00, C4<1>, C4<1>;
L_000002d9cdefced0 .functor OR 1, L_000002d9cdef4100, L_000002d9cdefd330, C4<0>, C4<0>;
L_000002d9cdefc990 .functor NOT 1, L_000002d9cdee82a0, C4<0>, C4<0>, C4<0>;
L_000002d9cdefc290 .functor AND 1, L_000002d9cdee6cc0, L_000002d9cdefc990, C4<1>, C4<1>;
L_000002d9cdefc920 .functor AND 1, L_000002d9cdefc290, L_000002d9cdee7bc0, C4<1>, C4<1>;
L_000002d9cdefcf40 .functor NOT 1, L_000002d9cdee69a0, C4<0>, C4<0>, C4<0>;
L_000002d9cdefd4f0 .functor AND 1, L_000002d9cdefc920, L_000002d9cdefcf40, C4<1>, C4<1>;
L_000002d9cdefd9c0 .functor AND 1, L_000002d9cdee6cc0, L_000002d9cdee76c0, C4<1>, C4<1>;
L_000002d9cdefcbc0 .functor NOT 1, L_000002d9cdee7bc0, C4<0>, C4<0>, C4<0>;
L_000002d9cdefd2c0 .functor AND 1, L_000002d9cdefd9c0, L_000002d9cdefcbc0, C4<1>, C4<1>;
L_000002d9cdefd170 .functor NOT 1, L_000002d9cdee69a0, C4<0>, C4<0>, C4<0>;
L_000002d9cdefc3e0 .functor AND 1, L_000002d9cdefd2c0, L_000002d9cdefd170, C4<1>, C4<1>;
L_000002d9cdefc7d0 .functor OR 1, L_000002d9cdefd4f0, L_000002d9cdefc3e0, C4<0>, C4<0>;
L_000002d9cdefdbf0 .functor NOT 1, L_000002d9cdee82a0, C4<0>, C4<0>, C4<0>;
L_000002d9cdefd3a0 .functor AND 1, L_000002d9cdee6cc0, L_000002d9cdefdbf0, C4<1>, C4<1>;
L_000002d9cdefc5a0 .functor NOT 1, L_000002d9cdee7bc0, C4<0>, C4<0>, C4<0>;
L_000002d9cdefd800 .functor AND 1, L_000002d9cdefd3a0, L_000002d9cdefc5a0, C4<1>, C4<1>;
L_000002d9cdefdd40 .functor NOT 1, L_000002d9cdee76c0, C4<0>, C4<0>, C4<0>;
L_000002d9cdefd720 .functor AND 1, L_000002d9cdefd800, L_000002d9cdefdd40, C4<1>, C4<1>;
L_000002d9cdefca70 .functor AND 1, L_000002d9cdefd720, L_000002d9cdee69a0, C4<1>, C4<1>;
L_000002d9cdefcfb0 .functor OR 1, L_000002d9cdefc7d0, L_000002d9cdefca70, C4<0>, C4<0>;
L_000002d9cdefc300 .functor AND 1, L_000002d9cdee82a0, L_000002d9cdee7bc0, C4<1>, C4<1>;
L_000002d9cdefcae0 .functor AND 1, L_000002d9cdefc300, L_000002d9cdee69a0, C4<1>, C4<1>;
L_000002d9cdefcc30 .functor OR 1, L_000002d9cdefcfb0, L_000002d9cdefcae0, C4<0>, C4<0>;
L_000002d9cdefd560 .functor AND 1, L_000002d9cdee82a0, L_000002d9cdee76c0, C4<1>, C4<1>;
L_000002d9cdefc760 .functor AND 1, L_000002d9cdefd560, L_000002d9cdee69a0, C4<1>, C4<1>;
L_000002d9cdefd020 .functor OR 1, L_000002d9cdefcc30, L_000002d9cdefc760, C4<0>, C4<0>;
L_000002d9cdefc6f0 .functor NOT 1, L_000002d9cdee6cc0, C4<0>, C4<0>, C4<0>;
L_000002d9cdefc450 .functor AND 1, L_000002d9cdefc6f0, L_000002d9cdee82a0, C4<1>, C4<1>;
L_000002d9cdefd480 .functor AND 1, L_000002d9cdefc450, L_000002d9cdee7bc0, C4<1>, C4<1>;
L_000002d9cdefd790 .functor AND 1, L_000002d9cdefd480, L_000002d9cdee76c0, C4<1>, C4<1>;
L_000002d9cdefcca0 .functor OR 1, L_000002d9cdefd020, L_000002d9cdefd790, C4<0>, C4<0>;
L_000002d9cdefdc60 .functor AND 1, L_000002d9cdee69a0, L_000002d9cdee82a0, C4<1>, C4<1>;
L_000002d9cdefc530 .functor NOT 1, L_000002d9cdee76c0, C4<0>, C4<0>, C4<0>;
L_000002d9cdefd1e0 .functor AND 1, L_000002d9cdefdc60, L_000002d9cdefc530, C4<1>, C4<1>;
L_000002d9cdefd100 .functor NOT 1, L_000002d9cdee6cc0, C4<0>, C4<0>, C4<0>;
L_000002d9cdefc610 .functor AND 1, L_000002d9cdefd1e0, L_000002d9cdefd100, C4<1>, C4<1>;
L_000002d9cdefc840 .functor OR 1, L_000002d9cdefcca0, L_000002d9cdefc610, C4<0>, C4<0>;
L_000002d9cdefc370 .functor AND 1, L_000002d9cdee6cc0, L_000002d9cdee82a0, C4<1>, C4<1>;
L_000002d9cdefc4c0 .functor NOT 1, L_000002d9cdee69a0, C4<0>, C4<0>, C4<0>;
L_000002d9cdefd410 .functor AND 1, L_000002d9cdefc370, L_000002d9cdefc4c0, C4<1>, C4<1>;
L_000002d9cdefcd10 .functor NOT 1, L_000002d9cdee76c0, C4<0>, C4<0>, C4<0>;
L_000002d9cdefd6b0 .functor AND 1, L_000002d9cdee82a0, L_000002d9cdefcd10, C4<1>, C4<1>;
L_000002d9cdefd640 .functor NOT 1, L_000002d9cdee69a0, C4<0>, C4<0>, C4<0>;
L_000002d9cdefc680 .functor AND 1, L_000002d9cdefd6b0, L_000002d9cdefd640, C4<1>, C4<1>;
L_000002d9cdefd8e0 .functor OR 1, L_000002d9cdefd410, L_000002d9cdefc680, C4<0>, C4<0>;
L_000002d9cdefd870 .functor NOT 1, L_000002d9cdee7bc0, C4<0>, C4<0>, C4<0>;
L_000002d9cdefd950 .functor AND 1, L_000002d9cdee82a0, L_000002d9cdefd870, C4<1>, C4<1>;
L_000002d9cdefdcd0 .functor NOT 1, L_000002d9cdee69a0, C4<0>, C4<0>, C4<0>;
L_000002d9cdefc8b0 .functor AND 1, L_000002d9cdefd950, L_000002d9cdefdcd0, C4<1>, C4<1>;
L_000002d9cdefd5d0 .functor OR 1, L_000002d9cdefd8e0, L_000002d9cdefc8b0, C4<0>, C4<0>;
L_000002d9cdefda30 .functor AND 1, L_000002d9cdee6cc0, L_000002d9cdee82a0, C4<1>, C4<1>;
L_000002d9cdefdaa0 .functor NOT 1, L_000002d9cdee7bc0, C4<0>, C4<0>, C4<0>;
L_000002d9cdefddb0 .functor AND 1, L_000002d9cdefda30, L_000002d9cdefdaa0, C4<1>, C4<1>;
L_000002d9cdefdb10 .functor NOT 1, L_000002d9cdee76c0, C4<0>, C4<0>, C4<0>;
L_000002d9cdefcd80 .functor AND 1, L_000002d9cdefddb0, L_000002d9cdefdb10, C4<1>, C4<1>;
L_000002d9cdefcdf0 .functor OR 1, L_000002d9cdefd5d0, L_000002d9cdefcd80, C4<0>, C4<0>;
v000002d9cde636d0_0 .net "Cal", 1 0, L_000002d9cdee7080;  1 drivers
v000002d9cde61fb0_0 .net "W", 2 0, L_000002d9cdee8340;  1 drivers
v000002d9cde62050_0 .net *"_ivl_100", 0 0, L_000002d9cdeece00;  1 drivers
v000002d9cde62870_0 .net *"_ivl_102", 0 0, L_000002d9cdeed340;  1 drivers
v000002d9cde28720_0 .net *"_ivl_104", 0 0, L_000002d9cdeeddc0;  1 drivers
v000002d9cde28e00_0 .net *"_ivl_106", 0 0, L_000002d9cdeed810;  1 drivers
v000002d9cde36270_0 .net *"_ivl_108", 0 0, L_000002d9cdeecee0;  1 drivers
v000002d9cde40ca0_0 .net *"_ivl_110", 0 0, L_000002d9cdeed260;  1 drivers
v000002d9cde4a2f0_0 .net *"_ivl_112", 0 0, L_000002d9cdeed2d0;  1 drivers
v000002d9cde59780_0 .net *"_ivl_114", 0 0, L_000002d9cdeeda40;  1 drivers
v000002d9cded0b00_0 .net *"_ivl_116", 0 0, L_000002d9cdeecd20;  1 drivers
v000002d9cded0240_0 .net *"_ivl_118", 0 0, L_000002d9cdeec380;  1 drivers
v000002d9cded1780_0 .net *"_ivl_12", 0 0, L_000002d9cde78c70;  1 drivers
v000002d9cded13c0_0 .net *"_ivl_120", 0 0, L_000002d9cdeed3b0;  1 drivers
v000002d9cded0740_0 .net *"_ivl_122", 0 0, L_000002d9cdeec7e0;  1 drivers
v000002d9cded2040_0 .net *"_ivl_124", 0 0, L_000002d9cdeec3f0;  1 drivers
v000002d9cded1be0_0 .net *"_ivl_126", 0 0, L_000002d9cdeec460;  1 drivers
v000002d9cded0920_0 .net *"_ivl_128", 0 0, L_000002d9cdeedb20;  1 drivers
v000002d9cded09c0_0 .net *"_ivl_130", 0 0, L_000002d9cdeed650;  1 drivers
v000002d9cded1d20_0 .net *"_ivl_132", 0 0, L_000002d9cdeed1f0;  1 drivers
v000002d9cded1820_0 .net *"_ivl_134", 0 0, L_000002d9cdeed420;  1 drivers
v000002d9cded1b40_0 .net *"_ivl_136", 0 0, L_000002d9cdeedab0;  1 drivers
v000002d9cded18c0_0 .net *"_ivl_138", 0 0, L_000002d9cdeed490;  1 drivers
v000002d9cded1960_0 .net *"_ivl_14", 0 0, L_000002d9cde78d50;  1 drivers
v000002d9cded1fa0_0 .net *"_ivl_140", 0 0, L_000002d9cdeec4d0;  1 drivers
v000002d9cded01a0_0 .net *"_ivl_142", 0 0, L_000002d9cdeedb90;  1 drivers
v000002d9cded0a60_0 .net *"_ivl_144", 0 0, L_000002d9cdeec5b0;  1 drivers
v000002d9cded0ba0_0 .net *"_ivl_146", 0 0, L_000002d9cdeed5e0;  1 drivers
v000002d9cded1000_0 .net *"_ivl_148", 0 0, L_000002d9cdeedc00;  1 drivers
v000002d9cded1460_0 .net *"_ivl_150", 0 0, L_000002d9cdeec8c0;  1 drivers
v000002d9cded1aa0_0 .net *"_ivl_152", 0 0, L_000002d9cdeec9a0;  1 drivers
v000002d9cded1140_0 .net *"_ivl_154", 0 0, L_000002d9cdeed6c0;  1 drivers
v000002d9cded0ce0_0 .net *"_ivl_156", 0 0, L_000002d9cdeedc70;  1 drivers
v000002d9cded1280_0 .net *"_ivl_16", 0 0, L_000002d9cde78b20;  1 drivers
v000002d9cded1dc0_0 .net *"_ivl_160", 0 0, L_000002d9cdeec620;  1 drivers
v000002d9cded1a00_0 .net *"_ivl_162", 0 0, L_000002d9cdeed500;  1 drivers
v000002d9cded02e0_0 .net *"_ivl_164", 0 0, L_000002d9cdeec690;  1 drivers
v000002d9cded1e60_0 .net *"_ivl_166", 0 0, L_000002d9cdeed8f0;  1 drivers
v000002d9cded10a0_0 .net *"_ivl_168", 0 0, L_000002d9cdeec850;  1 drivers
v000002d9cded0380_0 .net *"_ivl_170", 0 0, L_000002d9cdeece70;  1 drivers
v000002d9cded0c40_0 .net *"_ivl_172", 0 0, L_000002d9cdeed110;  1 drivers
v000002d9cded1500_0 .net *"_ivl_174", 0 0, L_000002d9cdeec930;  1 drivers
v000002d9cded07e0_0 .net *"_ivl_176", 0 0, L_000002d9cdeed960;  1 drivers
v000002d9cded11e0_0 .net *"_ivl_178", 0 0, L_000002d9cdeeca10;  1 drivers
v000002d9cded1320_0 .net *"_ivl_18", 0 0, L_000002d9cde78810;  1 drivers
v000002d9cded0420_0 .net *"_ivl_180", 0 0, L_000002d9cdeecd90;  1 drivers
v000002d9cded15a0_0 .net *"_ivl_182", 0 0, L_000002d9cdeeca80;  1 drivers
v000002d9cded1640_0 .net *"_ivl_184", 0 0, L_000002d9cdeecaf0;  1 drivers
v000002d9cded16e0_0 .net *"_ivl_186", 0 0, L_000002d9cdeed570;  1 drivers
v000002d9cded1c80_0 .net *"_ivl_188", 0 0, L_000002d9cdeecf50;  1 drivers
v000002d9cded04c0_0 .net *"_ivl_190", 0 0, L_000002d9cdeecb60;  1 drivers
v000002d9cded0560_0 .net *"_ivl_192", 0 0, L_000002d9cdeecbd0;  1 drivers
v000002d9cded1f00_0 .net *"_ivl_194", 0 0, L_000002d9cdeecc40;  1 drivers
v000002d9cded0600_0 .net *"_ivl_196", 0 0, L_000002d9cdeecfc0;  1 drivers
v000002d9cded06a0_0 .net *"_ivl_198", 0 0, L_000002d9cdeeccb0;  1 drivers
v000002d9cded0880_0 .net *"_ivl_20", 0 0, L_000002d9cde788f0;  1 drivers
v000002d9cded0d80_0 .net *"_ivl_200", 0 0, L_000002d9cdeed9d0;  1 drivers
v000002d9cded0e20_0 .net *"_ivl_202", 0 0, L_000002d9cdeed180;  1 drivers
v000002d9cded0ec0_0 .net *"_ivl_204", 0 0, L_000002d9cdeed030;  1 drivers
v000002d9cded0f60_0 .net *"_ivl_206", 0 0, L_000002d9cdeed730;  1 drivers
v000002d9cded2e30_0 .net *"_ivl_208", 0 0, L_000002d9cdeed7a0;  1 drivers
v000002d9cded3790_0 .net *"_ivl_210", 0 0, L_000002d9cdeed0a0;  1 drivers
v000002d9cded3470_0 .net *"_ivl_212", 0 0, L_000002d9cdeedce0;  1 drivers
v000002d9cded3bf0_0 .net *"_ivl_214", 0 0, L_000002d9cdeedf10;  1 drivers
v000002d9cded27f0_0 .net *"_ivl_216", 0 0, L_000002d9cdeedf80;  1 drivers
v000002d9cded22f0_0 .net *"_ivl_218", 0 0, L_000002d9cdeedff0;  1 drivers
v000002d9cded3510_0 .net *"_ivl_22", 0 0, L_000002d9cde78dc0;  1 drivers
v000002d9cded2250_0 .net *"_ivl_220", 0 0, L_000002d9cdeee0d0;  1 drivers
v000002d9cded3330_0 .net *"_ivl_222", 0 0, L_000002d9cdeee060;  1 drivers
v000002d9cded2ed0_0 .net *"_ivl_224", 0 0, L_000002d9cdeee140;  1 drivers
v000002d9cded38d0_0 .net *"_ivl_226", 0 0, L_000002d9cdeede30;  1 drivers
v000002d9cded26b0_0 .net *"_ivl_228", 0 0, L_000002d9cdeedea0;  1 drivers
v000002d9cded21b0_0 .net *"_ivl_230", 0 0, L_000002d9cdef0150;  1 drivers
v000002d9cded2750_0 .net *"_ivl_232", 0 0, L_000002d9cdef0000;  1 drivers
v000002d9cded2390_0 .net *"_ivl_234", 0 0, L_000002d9cdef0070;  1 drivers
v000002d9cded3c90_0 .net *"_ivl_236", 0 0, L_000002d9cdef00e0;  1 drivers
v000002d9cded2570_0 .net *"_ivl_238", 0 0, L_000002d9cdeefe40;  1 drivers
v000002d9cded2890_0 .net *"_ivl_24", 0 0, L_000002d9cde79290;  1 drivers
v000002d9cded3a10_0 .net *"_ivl_240", 0 0, L_000002d9cdeefeb0;  1 drivers
v000002d9cded3290_0 .net *"_ivl_242", 0 0, L_000002d9cdeeff20;  1 drivers
v000002d9cded3650_0 .net *"_ivl_244", 0 0, L_000002d9cdeeff90;  1 drivers
v000002d9cded3830_0 .net *"_ivl_246", 0 0, L_000002d9cdeee550;  1 drivers
v000002d9cded3d30_0 .net *"_ivl_248", 0 0, L_000002d9cdeef740;  1 drivers
v000002d9cded3150_0 .net *"_ivl_250", 0 0, L_000002d9cdeee6a0;  1 drivers
v000002d9cded35b0_0 .net *"_ivl_252", 0 0, L_000002d9cdeee8d0;  1 drivers
v000002d9cded2c50_0 .net *"_ivl_254", 0 0, L_000002d9cdeef660;  1 drivers
v000002d9cded3ab0_0 .net *"_ivl_256", 0 0, L_000002d9cdeef6d0;  1 drivers
v000002d9cded2bb0_0 .net *"_ivl_258", 0 0, L_000002d9cdeef580;  1 drivers
v000002d9cded31f0_0 .net *"_ivl_26", 0 0, L_000002d9cde791b0;  1 drivers
v000002d9cded3970_0 .net *"_ivl_260", 0 0, L_000002d9cdeee240;  1 drivers
v000002d9cded2a70_0 .net *"_ivl_262", 0 0, L_000002d9cdeee710;  1 drivers
v000002d9cded3dd0_0 .net *"_ivl_264", 0 0, L_000002d9cdeef7b0;  1 drivers
v000002d9cded2f70_0 .net *"_ivl_266", 0 0, L_000002d9cdeeeda0;  1 drivers
v000002d9cded36f0_0 .net *"_ivl_270", 0 0, L_000002d9cdeef510;  1 drivers
v000002d9cded2610_0 .net *"_ivl_272", 0 0, L_000002d9cdeeee10;  1 drivers
v000002d9cded3b50_0 .net *"_ivl_274", 0 0, L_000002d9cdeefa50;  1 drivers
v000002d9cded3e70_0 .net *"_ivl_276", 0 0, L_000002d9cdeeea20;  1 drivers
v000002d9cded33d0_0 .net *"_ivl_278", 0 0, L_000002d9cdeeea90;  1 drivers
v000002d9cded3f10_0 .net *"_ivl_28", 0 0, L_000002d9cde78b90;  1 drivers
v000002d9cded4050_0 .net *"_ivl_280", 0 0, L_000002d9cdeee780;  1 drivers
v000002d9cded3fb0_0 .net *"_ivl_282", 0 0, L_000002d9cdeee7f0;  1 drivers
v000002d9cded2930_0 .net *"_ivl_284", 0 0, L_000002d9cdeeee80;  1 drivers
v000002d9cded29d0_0 .net *"_ivl_286", 0 0, L_000002d9cdeef820;  1 drivers
v000002d9cded2430_0 .net *"_ivl_288", 0 0, L_000002d9cdeefac0;  1 drivers
v000002d9cded24d0_0 .net *"_ivl_290", 0 0, L_000002d9cdeefb30;  1 drivers
v000002d9cded2b10_0 .net *"_ivl_292", 0 0, L_000002d9cdeefc80;  1 drivers
v000002d9cded2cf0_0 .net *"_ivl_294", 0 0, L_000002d9cdeef5f0;  1 drivers
v000002d9cded2d90_0 .net *"_ivl_296", 0 0, L_000002d9cdeee860;  1 drivers
v000002d9cded3010_0 .net *"_ivl_298", 0 0, L_000002d9cdeef4a0;  1 drivers
v000002d9cded30b0_0 .net *"_ivl_30", 0 0, L_000002d9cde78960;  1 drivers
v000002d9cdedcbe0_0 .net *"_ivl_300", 0 0, L_000002d9cdeef0b0;  1 drivers
v000002d9cdedd0e0_0 .net *"_ivl_302", 0 0, L_000002d9cdeeefd0;  1 drivers
v000002d9cdedd220_0 .net *"_ivl_304", 0 0, L_000002d9cdeef270;  1 drivers
v000002d9cdede620_0 .net *"_ivl_306", 0 0, L_000002d9cdeee9b0;  1 drivers
v000002d9cdedc820_0 .net *"_ivl_308", 0 0, L_000002d9cdeee390;  1 drivers
v000002d9cdedd680_0 .net *"_ivl_310", 0 0, L_000002d9cdeee940;  1 drivers
v000002d9cdedc640_0 .net *"_ivl_312", 0 0, L_000002d9cdeefd60;  1 drivers
v000002d9cdedd400_0 .net *"_ivl_314", 0 0, L_000002d9cdeefba0;  1 drivers
v000002d9cdedd540_0 .net *"_ivl_316", 0 0, L_000002d9cdeee5c0;  1 drivers
v000002d9cdede580_0 .net *"_ivl_318", 0 0, L_000002d9cdeefcf0;  1 drivers
v000002d9cdedd5e0_0 .net *"_ivl_32", 0 0, L_000002d9cde78f10;  1 drivers
v000002d9cdedd2c0_0 .net *"_ivl_320", 0 0, L_000002d9cdeefc10;  1 drivers
v000002d9cdedd720_0 .net *"_ivl_322", 0 0, L_000002d9cdeef890;  1 drivers
v000002d9cdeddb80_0 .net *"_ivl_324", 0 0, L_000002d9cdeef900;  1 drivers
v000002d9cdede4e0_0 .net *"_ivl_326", 0 0, L_000002d9cdeefdd0;  1 drivers
v000002d9cdede6c0_0 .net *"_ivl_328", 0 0, L_000002d9cdeef970;  1 drivers
v000002d9cdeddf40_0 .net *"_ivl_330", 0 0, L_000002d9cdeeeb00;  1 drivers
v000002d9cdedd7c0_0 .net *"_ivl_332", 0 0, L_000002d9cdeeeb70;  1 drivers
v000002d9cdedd360_0 .net *"_ivl_334", 0 0, L_000002d9cdeeebe0;  1 drivers
v000002d9cdede440_0 .net *"_ivl_336", 0 0, L_000002d9cdeeec50;  1 drivers
v000002d9cdedd860_0 .net *"_ivl_338", 0 0, L_000002d9cdeef120;  1 drivers
v000002d9cdedde00_0 .net *"_ivl_34", 0 0, L_000002d9cde78880;  1 drivers
v000002d9cdedc320_0 .net *"_ivl_340", 0 0, L_000002d9cdeef9e0;  1 drivers
v000002d9cdede8a0_0 .net *"_ivl_342", 0 0, L_000002d9cdeee2b0;  1 drivers
v000002d9cdedcb40_0 .net *"_ivl_344", 0 0, L_000002d9cdeef430;  1 drivers
v000002d9cdedcc80_0 .net *"_ivl_346", 0 0, L_000002d9cdeeecc0;  1 drivers
v000002d9cdede120_0 .net *"_ivl_348", 0 0, L_000002d9cdeeed30;  1 drivers
v000002d9cdede080_0 .net *"_ivl_350", 0 0, L_000002d9cdeee320;  1 drivers
v000002d9cdedc960_0 .net *"_ivl_352", 0 0, L_000002d9cdeeeef0;  1 drivers
v000002d9cdedc280_0 .net *"_ivl_354", 0 0, L_000002d9cdeee400;  1 drivers
v000002d9cdedc8c0_0 .net *"_ivl_356", 0 0, L_000002d9cdeee470;  1 drivers
v000002d9cdedcd20_0 .net *"_ivl_358", 0 0, L_000002d9cdeef040;  1 drivers
v000002d9cdede1c0_0 .net *"_ivl_36", 0 0, L_000002d9cde78ab0;  1 drivers
v000002d9cdede260_0 .net *"_ivl_360", 0 0, L_000002d9cdeee4e0;  1 drivers
v000002d9cdede940_0 .net *"_ivl_362", 0 0, L_000002d9cdeee630;  1 drivers
v000002d9cdeddcc0_0 .net *"_ivl_366", 0 0, L_000002d9cdeeef60;  1 drivers
v000002d9cdedd4a0_0 .net *"_ivl_368", 0 0, L_000002d9cdeef190;  1 drivers
v000002d9cdede760_0 .net *"_ivl_370", 0 0, L_000002d9cdeef200;  1 drivers
v000002d9cdedd900_0 .net *"_ivl_372", 0 0, L_000002d9cdeef2e0;  1 drivers
v000002d9cdedda40_0 .net *"_ivl_374", 0 0, L_000002d9cdeef350;  1 drivers
v000002d9cdedc1e0_0 .net *"_ivl_376", 0 0, L_000002d9cdeef3c0;  1 drivers
v000002d9cdedc3c0_0 .net *"_ivl_378", 0 0, L_000002d9cdef2960;  1 drivers
v000002d9cdedd9a0_0 .net *"_ivl_38", 0 0, L_000002d9cde78ff0;  1 drivers
v000002d9cdedca00_0 .net *"_ivl_380", 0 0, L_000002d9cdef38b0;  1 drivers
v000002d9cdeddae0_0 .net *"_ivl_382", 0 0, L_000002d9cdef3840;  1 drivers
v000002d9cdeddea0_0 .net *"_ivl_384", 0 0, L_000002d9cdef3920;  1 drivers
v000002d9cdede300_0 .net *"_ivl_386", 0 0, L_000002d9cdef2dc0;  1 drivers
v000002d9cdeddc20_0 .net *"_ivl_388", 0 0, L_000002d9cdef28f0;  1 drivers
v000002d9cdede3a0_0 .net *"_ivl_390", 0 0, L_000002d9cdef2730;  1 drivers
v000002d9cdedcdc0_0 .net *"_ivl_392", 0 0, L_000002d9cdef35a0;  1 drivers
v000002d9cdedc460_0 .net *"_ivl_394", 0 0, L_000002d9cdef2260;  1 drivers
v000002d9cdeddd60_0 .net *"_ivl_396", 0 0, L_000002d9cdef26c0;  1 drivers
v000002d9cdedcaa0_0 .net *"_ivl_398", 0 0, L_000002d9cdef3220;  1 drivers
v000002d9cdeddfe0_0 .net *"_ivl_40", 0 0, L_000002d9cde78570;  1 drivers
v000002d9cdedc5a0_0 .net *"_ivl_400", 0 0, L_000002d9cdef3d80;  1 drivers
v000002d9cdedcf00_0 .net *"_ivl_402", 0 0, L_000002d9cdef3530;  1 drivers
v000002d9cdede800_0 .net *"_ivl_404", 0 0, L_000002d9cdef2e30;  1 drivers
v000002d9cdedc500_0 .net *"_ivl_406", 0 0, L_000002d9cdef2f10;  1 drivers
v000002d9cdedc6e0_0 .net *"_ivl_408", 0 0, L_000002d9cdef2a40;  1 drivers
v000002d9cdedc780_0 .net *"_ivl_410", 0 0, L_000002d9cdef2ab0;  1 drivers
v000002d9cdedce60_0 .net *"_ivl_412", 0 0, L_000002d9cdef27a0;  1 drivers
v000002d9cdedcfa0_0 .net *"_ivl_414", 0 0, L_000002d9cdef2810;  1 drivers
v000002d9cdedd040_0 .net *"_ivl_416", 0 0, L_000002d9cdef29d0;  1 drivers
v000002d9cdedd180_0 .net *"_ivl_418", 0 0, L_000002d9cdef3300;  1 drivers
v000002d9cdedfde0_0 .net *"_ivl_42", 0 0, L_000002d9cde78ce0;  1 drivers
v000002d9cdedf200_0 .net *"_ivl_420", 0 0, L_000002d9cdef22d0;  1 drivers
v000002d9cdedf2a0_0 .net *"_ivl_422", 0 0, L_000002d9cdef2d50;  1 drivers
v000002d9cdedf020_0 .net *"_ivl_424", 0 0, L_000002d9cdef3450;  1 drivers
v000002d9cdedfe80_0 .net *"_ivl_426", 0 0, L_000002d9cdef2b20;  1 drivers
v000002d9cdedf980_0 .net *"_ivl_428", 0 0, L_000002d9cdef2ea0;  1 drivers
v000002d9cdedf3e0_0 .net *"_ivl_430", 0 0, L_000002d9cdef34c0;  1 drivers
v000002d9cdedef80_0 .net *"_ivl_432", 0 0, L_000002d9cdef30d0;  1 drivers
v000002d9cdedf340_0 .net *"_ivl_434", 0 0, L_000002d9cdef2b90;  1 drivers
v000002d9cdedec60_0 .net *"_ivl_436", 0 0, L_000002d9cdef3290;  1 drivers
v000002d9cdedfa20_0 .net *"_ivl_438", 0 0, L_000002d9cdef3140;  1 drivers
v000002d9cdedfac0_0 .net *"_ivl_44", 0 0, L_000002d9cde78e30;  1 drivers
v000002d9cdedfc00_0 .net *"_ivl_442", 0 0, L_000002d9cdef3370;  1 drivers
v000002d9cdeded00_0 .net *"_ivl_444", 0 0, L_000002d9cdef2880;  1 drivers
v000002d9cdedf8e0_0 .net *"_ivl_446", 0 0, L_000002d9cdef3df0;  1 drivers
v000002d9cdededa0_0 .net *"_ivl_448", 0 0, L_000002d9cdef33e0;  1 drivers
v000002d9cdedf5c0_0 .net *"_ivl_450", 0 0, L_000002d9cdef25e0;  1 drivers
v000002d9cdedfb60_0 .net *"_ivl_452", 0 0, L_000002d9cdef2c00;  1 drivers
v000002d9cdedee40_0 .net *"_ivl_454", 0 0, L_000002d9cdef3a70;  1 drivers
v000002d9cdedeb20_0 .net *"_ivl_456", 0 0, L_000002d9cdef3990;  1 drivers
v000002d9cdedf480_0 .net *"_ivl_458", 0 0, L_000002d9cdef2c70;  1 drivers
v000002d9cdedf520_0 .net *"_ivl_46", 0 0, L_000002d9cde79060;  1 drivers
v000002d9cdedf660_0 .net *"_ivl_460", 0 0, L_000002d9cdef2f80;  1 drivers
v000002d9cdedff20_0 .net *"_ivl_462", 0 0, L_000002d9cdef2340;  1 drivers
v000002d9cdedeee0_0 .net *"_ivl_464", 0 0, L_000002d9cdef2ce0;  1 drivers
v000002d9cdedf700_0 .net *"_ivl_466", 0 0, L_000002d9cdef31b0;  1 drivers
v000002d9cdedf0c0_0 .net *"_ivl_468", 0 0, L_000002d9cdef3610;  1 drivers
v000002d9cdedf7a0_0 .net *"_ivl_470", 0 0, L_000002d9cdef3760;  1 drivers
v000002d9cdedf840_0 .net *"_ivl_472", 0 0, L_000002d9cdef2490;  1 drivers
v000002d9cdedffc0_0 .net *"_ivl_474", 0 0, L_000002d9cdef2ff0;  1 drivers
v000002d9cdedfca0_0 .net *"_ivl_476", 0 0, L_000002d9cdef2420;  1 drivers
v000002d9cdedfd40_0 .net *"_ivl_478", 0 0, L_000002d9cdef3680;  1 drivers
v000002d9cdee0060_0 .net *"_ivl_48", 0 0, L_000002d9cde790d0;  1 drivers
v000002d9cdede9e0_0 .net *"_ivl_480", 0 0, L_000002d9cdef3060;  1 drivers
v000002d9cdedea80_0 .net *"_ivl_482", 0 0, L_000002d9cdef36f0;  1 drivers
v000002d9cdedebc0_0 .net *"_ivl_484", 0 0, L_000002d9cdef3bc0;  1 drivers
v000002d9cdedf160_0 .net *"_ivl_486", 0 0, L_000002d9cdef37d0;  1 drivers
v000002d9cdee2270_0 .net *"_ivl_488", 0 0, L_000002d9cdef23b0;  1 drivers
v000002d9cdee24f0_0 .net *"_ivl_490", 0 0, L_000002d9cdef3a00;  1 drivers
v000002d9cdee26d0_0 .net *"_ivl_492", 0 0, L_000002d9cdef2650;  1 drivers
v000002d9cdee1550_0 .net *"_ivl_494", 0 0, L_000002d9cdef3ae0;  1 drivers
v000002d9cdee06f0_0 .net *"_ivl_496", 0 0, L_000002d9cdef3b50;  1 drivers
v000002d9cdee2770_0 .net *"_ivl_498", 0 0, L_000002d9cdef2500;  1 drivers
v000002d9cdee0470_0 .net *"_ivl_50", 0 0, L_000002d9cde785e0;  1 drivers
v000002d9cdee1230_0 .net *"_ivl_500", 0 0, L_000002d9cdef2570;  1 drivers
v000002d9cdee1eb0_0 .net *"_ivl_502", 0 0, L_000002d9cdef3c30;  1 drivers
v000002d9cdee1a50_0 .net *"_ivl_504", 0 0, L_000002d9cdef3ca0;  1 drivers
v000002d9cdee2450_0 .net *"_ivl_506", 0 0, L_000002d9cdef3d10;  1 drivers
v000002d9cdee0a10_0 .net *"_ivl_508", 0 0, L_000002d9cdef3e60;  1 drivers
v000002d9cdee03d0_0 .net *"_ivl_510", 0 0, L_000002d9cdef3ed0;  1 drivers
v000002d9cdee19b0_0 .net *"_ivl_512", 0 0, L_000002d9cdef3fb0;  1 drivers
v000002d9cdee0330_0 .net *"_ivl_514", 0 0, L_000002d9cdef3f40;  1 drivers
v000002d9cdee1870_0 .net *"_ivl_516", 0 0, L_000002d9cdef4020;  1 drivers
v000002d9cdee12d0_0 .net *"_ivl_518", 0 0, L_000002d9cdef4090;  1 drivers
v000002d9cdee1f50_0 .net *"_ivl_52", 0 0, L_000002d9cde79370;  1 drivers
v000002d9cdee08d0_0 .net *"_ivl_520", 0 0, L_000002d9cdef4100;  1 drivers
v000002d9cdee0290_0 .net *"_ivl_522", 0 0, L_000002d9cdef4170;  1 drivers
v000002d9cdee0650_0 .net *"_ivl_524", 0 0, L_000002d9cdefcb50;  1 drivers
v000002d9cdee28b0_0 .net *"_ivl_526", 0 0, L_000002d9cdefca00;  1 drivers
v000002d9cdee21d0_0 .net *"_ivl_528", 0 0, L_000002d9cdefd330;  1 drivers
v000002d9cdee0510_0 .net *"_ivl_530", 0 0, L_000002d9cdefced0;  1 drivers
v000002d9cdee0790_0 .net *"_ivl_534", 0 0, L_000002d9cdefc990;  1 drivers
v000002d9cdee1e10_0 .net *"_ivl_536", 0 0, L_000002d9cdefc290;  1 drivers
v000002d9cdee1410_0 .net *"_ivl_538", 0 0, L_000002d9cdefc920;  1 drivers
v000002d9cdee1910_0 .net *"_ivl_54", 0 0, L_000002d9cde789d0;  1 drivers
v000002d9cdee1af0_0 .net *"_ivl_540", 0 0, L_000002d9cdefcf40;  1 drivers
v000002d9cdee2130_0 .net *"_ivl_542", 0 0, L_000002d9cdefd4f0;  1 drivers
v000002d9cdee1370_0 .net *"_ivl_544", 0 0, L_000002d9cdefd9c0;  1 drivers
v000002d9cdee1730_0 .net *"_ivl_546", 0 0, L_000002d9cdefcbc0;  1 drivers
v000002d9cdee1b90_0 .net *"_ivl_548", 0 0, L_000002d9cdefd2c0;  1 drivers
v000002d9cdee14b0_0 .net *"_ivl_550", 0 0, L_000002d9cdefd170;  1 drivers
v000002d9cdee05b0_0 .net *"_ivl_552", 0 0, L_000002d9cdefc3e0;  1 drivers
v000002d9cdee15f0_0 .net *"_ivl_554", 0 0, L_000002d9cdefc7d0;  1 drivers
v000002d9cdee1c30_0 .net *"_ivl_556", 0 0, L_000002d9cdefdbf0;  1 drivers
v000002d9cdee1690_0 .net *"_ivl_558", 0 0, L_000002d9cdefd3a0;  1 drivers
v000002d9cdee17d0_0 .net *"_ivl_56", 0 0, L_000002d9cde78490;  1 drivers
v000002d9cdee2310_0 .net *"_ivl_560", 0 0, L_000002d9cdefc5a0;  1 drivers
v000002d9cdee0dd0_0 .net *"_ivl_562", 0 0, L_000002d9cdefd800;  1 drivers
v000002d9cdee0830_0 .net *"_ivl_564", 0 0, L_000002d9cdefdd40;  1 drivers
v000002d9cdee1ff0_0 .net *"_ivl_566", 0 0, L_000002d9cdefd720;  1 drivers
v000002d9cdee1cd0_0 .net *"_ivl_568", 0 0, L_000002d9cdefca70;  1 drivers
v000002d9cdee0970_0 .net *"_ivl_570", 0 0, L_000002d9cdefcfb0;  1 drivers
v000002d9cdee2950_0 .net *"_ivl_572", 0 0, L_000002d9cdefc300;  1 drivers
v000002d9cdee2590_0 .net *"_ivl_574", 0 0, L_000002d9cdefcae0;  1 drivers
v000002d9cdee0bf0_0 .net *"_ivl_576", 0 0, L_000002d9cdefcc30;  1 drivers
v000002d9cdee0ab0_0 .net *"_ivl_578", 0 0, L_000002d9cdefd560;  1 drivers
v000002d9cdee2090_0 .net *"_ivl_58", 0 0, L_000002d9cde79140;  1 drivers
v000002d9cdee1d70_0 .net *"_ivl_580", 0 0, L_000002d9cdefc760;  1 drivers
v000002d9cdee23b0_0 .net *"_ivl_582", 0 0, L_000002d9cdefd020;  1 drivers
v000002d9cdee2630_0 .net *"_ivl_584", 0 0, L_000002d9cdefc6f0;  1 drivers
v000002d9cdee2810_0 .net *"_ivl_586", 0 0, L_000002d9cdefc450;  1 drivers
v000002d9cdee01f0_0 .net *"_ivl_588", 0 0, L_000002d9cdefd480;  1 drivers
v000002d9cdee0b50_0 .net *"_ivl_590", 0 0, L_000002d9cdefd790;  1 drivers
v000002d9cdee0c90_0 .net *"_ivl_592", 0 0, L_000002d9cdefcca0;  1 drivers
v000002d9cdee0d30_0 .net *"_ivl_594", 0 0, L_000002d9cdefdc60;  1 drivers
v000002d9cdee0f10_0 .net *"_ivl_596", 0 0, L_000002d9cdefc530;  1 drivers
v000002d9cdee0e70_0 .net *"_ivl_598", 0 0, L_000002d9cdefd1e0;  1 drivers
v000002d9cdee0fb0_0 .net *"_ivl_60", 0 0, L_000002d9cde78ea0;  1 drivers
v000002d9cdee1050_0 .net *"_ivl_600", 0 0, L_000002d9cdefd100;  1 drivers
v000002d9cdee10f0_0 .net *"_ivl_602", 0 0, L_000002d9cdefc610;  1 drivers
v000002d9cdee1190_0 .net *"_ivl_604", 0 0, L_000002d9cdefc840;  1 drivers
v000002d9cdee33f0_0 .net *"_ivl_609", 0 0, L_000002d9cdefc370;  1 drivers
v000002d9cdee4070_0 .net *"_ivl_611", 0 0, L_000002d9cdefc4c0;  1 drivers
v000002d9cdee3e90_0 .net *"_ivl_613", 0 0, L_000002d9cdefd410;  1 drivers
v000002d9cdee38f0_0 .net *"_ivl_615", 0 0, L_000002d9cdefcd10;  1 drivers
v000002d9cdee37b0_0 .net *"_ivl_617", 0 0, L_000002d9cdefd6b0;  1 drivers
v000002d9cdee3d50_0 .net *"_ivl_619", 0 0, L_000002d9cdefd640;  1 drivers
v000002d9cdee2e50_0 .net *"_ivl_62", 0 0, L_000002d9cde786c0;  1 drivers
v000002d9cdee2b30_0 .net *"_ivl_621", 0 0, L_000002d9cdefc680;  1 drivers
v000002d9cdee3850_0 .net *"_ivl_623", 0 0, L_000002d9cdefd8e0;  1 drivers
v000002d9cdee2a90_0 .net *"_ivl_625", 0 0, L_000002d9cdefd870;  1 drivers
v000002d9cdee3710_0 .net *"_ivl_627", 0 0, L_000002d9cdefd950;  1 drivers
v000002d9cdee3350_0 .net *"_ivl_629", 0 0, L_000002d9cdefdcd0;  1 drivers
v000002d9cdee3ad0_0 .net *"_ivl_631", 0 0, L_000002d9cdefc8b0;  1 drivers
v000002d9cdee2db0_0 .net *"_ivl_633", 0 0, L_000002d9cdefd5d0;  1 drivers
v000002d9cdee29f0_0 .net *"_ivl_635", 0 0, L_000002d9cdefda30;  1 drivers
v000002d9cdee2ef0_0 .net *"_ivl_637", 0 0, L_000002d9cdefdaa0;  1 drivers
v000002d9cdee2bd0_0 .net *"_ivl_639", 0 0, L_000002d9cdefddb0;  1 drivers
v000002d9cdee3f30_0 .net *"_ivl_64", 0 0, L_000002d9cde78730;  1 drivers
v000002d9cdee2f90_0 .net *"_ivl_641", 0 0, L_000002d9cdefdb10;  1 drivers
v000002d9cdee3030_0 .net *"_ivl_643", 0 0, L_000002d9cdefcd80;  1 drivers
v000002d9cdee3cb0_0 .net *"_ivl_645", 0 0, L_000002d9cdefcdf0;  1 drivers
v000002d9cdee3990_0 .net *"_ivl_66", 0 0, L_000002d9cde78500;  1 drivers
v000002d9cdee3a30_0 .net *"_ivl_68", 0 0, L_000002d9cde78650;  1 drivers
v000002d9cdee3b70_0 .net *"_ivl_70", 0 0, L_000002d9cde78a40;  1 drivers
v000002d9cdee3fd0_0 .net *"_ivl_72", 0 0, L_000002d9cde78f80;  1 drivers
v000002d9cdee3670_0 .net *"_ivl_74", 0 0, L_000002d9cde79220;  1 drivers
v000002d9cdee3530_0 .net *"_ivl_76", 0 0, L_000002d9cde79300;  1 drivers
v000002d9cdee2c70_0 .net *"_ivl_78", 0 0, L_000002d9cde19fb0;  1 drivers
v000002d9cdee3df0_0 .net *"_ivl_80", 0 0, L_000002d9cde61c60;  1 drivers
v000002d9cdee32b0_0 .net *"_ivl_82", 0 0, L_000002d9cdeec700;  1 drivers
v000002d9cdee3c10_0 .net *"_ivl_84", 0 0, L_000002d9cdeec540;  1 drivers
v000002d9cdee2d10_0 .net *"_ivl_86", 0 0, L_000002d9cdeec230;  1 drivers
v000002d9cdee35d0_0 .net *"_ivl_88", 0 0, L_000002d9cdeec310;  1 drivers
v000002d9cdee30d0_0 .net *"_ivl_92", 0 0, L_000002d9cdeed880;  1 drivers
v000002d9cdee3170_0 .net *"_ivl_94", 0 0, L_000002d9cdeedd50;  1 drivers
v000002d9cdee3210_0 .net *"_ivl_96", 0 0, L_000002d9cdeec770;  1 drivers
v000002d9cdee3490_0 .net *"_ivl_98", 0 0, L_000002d9cdeec2a0;  1 drivers
v000002d9cdee8de0_0 .net "c0", 0 0, L_000002d9cdee6cc0;  1 drivers
v000002d9cdee9740_0 .net "c1", 0 0, L_000002d9cdee82a0;  1 drivers
v000002d9cdee8f20_0 .net "o", 7 0, L_000002d9cdee7440;  alias, 1 drivers
v000002d9cdee8c00_0 .net "w0", 0 0, L_000002d9cdee76c0;  1 drivers
v000002d9cdeea0a0_0 .net "w1", 0 0, L_000002d9cdee7bc0;  1 drivers
v000002d9cdee9ec0_0 .net "w2", 0 0, L_000002d9cdee69a0;  1 drivers
L_000002d9cdee82a0 .part L_000002d9cdee7080, 1, 1;
L_000002d9cdee6cc0 .part L_000002d9cdee7080, 0, 1;
L_000002d9cdee69a0 .part L_000002d9cdee8340, 2, 1;
L_000002d9cdee7bc0 .part L_000002d9cdee8340, 1, 1;
L_000002d9cdee76c0 .part L_000002d9cdee8340, 0, 1;
LS_000002d9cdee7440_0_0 .concat8 [ 1 1 1 1], L_000002d9cdeec310, L_000002d9cdeedc70, L_000002d9cdeeeda0, L_000002d9cdeee630;
LS_000002d9cdee7440_0_4 .concat8 [ 1 1 1 1], L_000002d9cdef3140, L_000002d9cdefced0, L_000002d9cdefc840, L_000002d9cdefcdf0;
L_000002d9cdee7440 .concat8 [ 4 4 0 0], LS_000002d9cdee7440_0_0, LS_000002d9cdee7440_0_4;
S_000002d9cde7be10 .scope module, "partFinalFormula" "TimeCalculator" 3 200, 3 53 0, S_000002d9cde747a0;
 .timescale 0 0;
    .port_info 0 /INPUT 8 "cal_w60_out";
    .port_info 1 /INPUT 1 "gender";
    .port_info 2 /INPUT 2 "MET";
    .port_info 3 /OUTPUT 8 "T";
L_000002d9cdefce60 .functor BUFZ 8, v000002d9cdee91a0_0, C4<00000000>, C4<00000000>, C4<00000000>;
v000002d9cdee9d80_0 .var "Gender_output", 7 0;
v000002d9cdee9420_0 .net "MET", 1 0, v000002d9cdee9ba0_0;  alias, 1 drivers
v000002d9cdee91a0_0 .var "Met_output", 7 0;
v000002d9cdee99c0_0 .net "T", 7 0, L_000002d9cdefce60;  alias, 1 drivers
v000002d9cdeea000_0 .net "cal_w60_out", 7 0, L_000002d9cdee7440;  alias, 1 drivers
v000002d9cdee9b00_0 .net "gender", 0 0, v000002d9cdee8d40_0;  alias, 1 drivers
E_000002d9cde74500 .event anyedge, v000002d9cdee9420_0, v000002d9cdee9d80_0;
E_000002d9cde740c0 .event anyedge, v000002d9cdee9b00_0, v000002d9cdee8f20_0;
    .scope S_000002d9cde7be10;
T_0 ;
    %wait E_000002d9cde740c0;
    %load/vec4 v000002d9cdee9b00_0;
    %dup/vec4;
    %pushi/vec4 0, 0, 1;
    %cmp/u;
    %jmp/1 T_0.0, 6;
    %dup/vec4;
    %pushi/vec4 1, 0, 1;
    %cmp/u;
    %jmp/1 T_0.1, 6;
    %load/vec4 v000002d9cdeea000_0;
    %store/vec4 v000002d9cdee9d80_0, 0, 8;
    %jmp T_0.3;
T_0.0 ;
    %load/vec4 v000002d9cdeea000_0;
    %store/vec4 v000002d9cdee9d80_0, 0, 8;
    %jmp T_0.3;
T_0.1 ;
    %load/vec4 v000002d9cdeea000_0;
    %load/vec4 v000002d9cdeea000_0;
    %ix/load 4, 3, 0;
    %flag_set/imm 4, 0;
    %shiftr 4;
    %add;
    %store/vec4 v000002d9cdee9d80_0, 0, 8;
    %jmp T_0.3;
T_0.3 ;
    %pop/vec4 1;
    %jmp T_0;
    .thread T_0, $push;
    .scope S_000002d9cde7be10;
T_1 ;
    %wait E_000002d9cde74500;
    %load/vec4 v000002d9cdee9420_0;
    %dup/vec4;
    %pushi/vec4 0, 0, 2;
    %cmp/u;
    %jmp/1 T_1.0, 6;
    %dup/vec4;
    %pushi/vec4 1, 0, 2;
    %cmp/u;
    %jmp/1 T_1.1, 6;
    %dup/vec4;
    %pushi/vec4 2, 0, 2;
    %cmp/u;
    %jmp/1 T_1.2, 6;
    %dup/vec4;
    %pushi/vec4 3, 0, 2;
    %cmp/u;
    %jmp/1 T_1.3, 6;
    %load/vec4 v000002d9cdee9d80_0;
    %store/vec4 v000002d9cdee91a0_0, 0, 8;
    %jmp T_1.5;
T_1.0 ;
    %load/vec4 v000002d9cdee9d80_0;
    %store/vec4 v000002d9cdee91a0_0, 0, 8;
    %jmp T_1.5;
T_1.1 ;
    %load/vec4 v000002d9cdee9d80_0;
    %ix/load 4, 1, 0;
    %flag_set/imm 4, 0;
    %shiftr 4;
    %store/vec4 v000002d9cdee91a0_0, 0, 8;
    %jmp T_1.5;
T_1.2 ;
    %load/vec4 v000002d9cdee9d80_0;
    %ix/load 4, 2, 0;
    %flag_set/imm 4, 0;
    %shiftr 4;
    %store/vec4 v000002d9cdee91a0_0, 0, 8;
    %jmp T_1.5;
T_1.3 ;
    %load/vec4 v000002d9cdee9d80_0;
    %ix/load 4, 3, 0;
    %flag_set/imm 4, 0;
    %shiftr 4;
    %store/vec4 v000002d9cdee91a0_0, 0, 8;
    %jmp T_1.5;
T_1.5 ;
    %pop/vec4 1;
    %jmp T_1;
    .thread T_1, $push;
    .scope S_000002d9cde08620;
T_2 ;
    %wait E_000002d9cde738c0;
    %load/vec4 v000002d9cde63450_0;
    %flag_set/vec4 8;
    %jmp/0xz  T_2.0, 8;
    %pushi/vec4 0, 0, 3;
    %assign/vec4 v000002d9cde63590_0, 0;
    %jmp T_2.1;
T_2.0 ;
    %load/vec4 v000002d9cde62550_0;
    %assign/vec4 v000002d9cde63590_0, 0;
T_2.1 ;
    %jmp T_2;
    .thread T_2;
    .scope S_000002d9cde08620;
T_3 ;
    %wait E_000002d9cde73fc0;
    %load/vec4 v000002d9cde63590_0;
    %dup/vec4;
    %pushi/vec4 0, 0, 3;
    %cmp/u;
    %jmp/1 T_3.0, 6;
    %dup/vec4;
    %pushi/vec4 1, 0, 3;
    %cmp/u;
    %jmp/1 T_3.1, 6;
    %dup/vec4;
    %pushi/vec4 2, 0, 3;
    %cmp/u;
    %jmp/1 T_3.2, 6;
    %dup/vec4;
    %pushi/vec4 3, 0, 3;
    %cmp/u;
    %jmp/1 T_3.3, 6;
    %dup/vec4;
    %pushi/vec4 4, 0, 3;
    %cmp/u;
    %jmp/1 T_3.4, 6;
    %dup/vec4;
    %pushi/vec4 5, 0, 3;
    %cmp/u;
    %jmp/1 T_3.5, 6;
    %pushi/vec4 0, 0, 3;
    %store/vec4 v000002d9cde62550_0, 0, 3;
    %jmp T_3.7;
T_3.0 ;
    %load/vec4 v000002d9cde62410_0;
    %flag_set/vec4 8;
    %jmp/0 T_3.8, 8;
    %pushi/vec4 1, 0, 3;
    %jmp/1 T_3.9, 8;
T_3.8 ; End of true expr.
    %pushi/vec4 0, 0, 3;
    %jmp/0 T_3.9, 8;
 ; End of false expr.
    %blend;
T_3.9;
    %store/vec4 v000002d9cde62550_0, 0, 3;
    %jmp T_3.7;
T_3.1 ;
    %pushi/vec4 2, 0, 3;
    %store/vec4 v000002d9cde62550_0, 0, 3;
    %jmp T_3.7;
T_3.2 ;
    %load/vec4 v000002d9cde634f0_0;
    %flag_set/vec4 8;
    %jmp/0xz  T_3.10, 8;
    %load/vec4 v000002d9cde62690_0;
    %pad/u 32;
    %addi 1, 0, 32;
    %load/vec4 v000002d9cde63270_0;
    %pad/u 32;
    %cmp/u;
    %flag_mov 8, 5;
    %jmp/0 T_3.12, 8;
    %pushi/vec4 1, 0, 3;
    %jmp/1 T_3.13, 8;
T_3.12 ; End of true expr.
    %pushi/vec4 5, 0, 3;
    %jmp/0 T_3.13, 8;
 ; End of false expr.
    %blend;
T_3.13;
    %store/vec4 v000002d9cde62550_0, 0, 3;
    %jmp T_3.11;
T_3.10 ;
    %load/vec4 v000002d9cde63630_0;
    %pad/u 32;
    %cmpi/e 0, 0, 32;
    %jmp/0xz  T_3.14, 4;
    %load/vec4 v000002d9cde62690_0;
    %pad/u 32;
    %addi 1, 0, 32;
    %load/vec4 v000002d9cde63270_0;
    %pad/u 32;
    %cmp/u;
    %flag_mov 8, 5;
    %jmp/0 T_3.16, 8;
    %pushi/vec4 3, 0, 3;
    %jmp/1 T_3.17, 8;
T_3.16 ; End of true expr.
    %pushi/vec4 5, 0, 3;
    %jmp/0 T_3.17, 8;
 ; End of false expr.
    %blend;
T_3.17;
    %store/vec4 v000002d9cde62550_0, 0, 3;
    %jmp T_3.15;
T_3.14 ;
    %pushi/vec4 2, 0, 3;
    %store/vec4 v000002d9cde62550_0, 0, 3;
T_3.15 ;
T_3.11 ;
    %jmp T_3.7;
T_3.3 ;
    %pushi/vec4 4, 0, 3;
    %store/vec4 v000002d9cde62550_0, 0, 3;
    %jmp T_3.7;
T_3.4 ;
    %load/vec4 v000002d9cde63630_0;
    %pad/u 32;
    %cmpi/e 0, 0, 32;
    %flag_mov 8, 4;
    %jmp/0 T_3.18, 8;
    %pushi/vec4 1, 0, 3;
    %jmp/1 T_3.19, 8;
T_3.18 ; End of true expr.
    %pushi/vec4 4, 0, 3;
    %jmp/0 T_3.19, 8;
 ; End of false expr.
    %blend;
T_3.19;
    %store/vec4 v000002d9cde62550_0, 0, 3;
    %jmp T_3.7;
T_3.5 ;
    %pushi/vec4 5, 0, 3;
    %store/vec4 v000002d9cde62550_0, 0, 3;
    %jmp T_3.7;
T_3.7 ;
    %pop/vec4 1;
    %jmp T_3;
    .thread T_3, $push;
    .scope S_000002d9cde08620;
T_4 ;
    %wait E_000002d9cde738c0;
    %load/vec4 v000002d9cde63450_0;
    %flag_set/vec4 8;
    %jmp/0xz  T_4.0, 8;
    %pushi/vec4 0, 0, 8;
    %assign/vec4 v000002d9cde62690_0, 0;
    %pushi/vec4 0, 0, 6;
    %assign/vec4 v000002d9cde63630_0, 0;
    %pushi/vec4 0, 0, 1;
    %assign/vec4 v000002d9cde631d0_0, 0;
    %jmp T_4.1;
T_4.0 ;
    %pushi/vec4 0, 0, 1;
    %assign/vec4 v000002d9cde631d0_0, 0;
    %load/vec4 v000002d9cde63590_0;
    %dup/vec4;
    %pushi/vec4 0, 0, 3;
    %cmp/u;
    %jmp/1 T_4.2, 6;
    %dup/vec4;
    %pushi/vec4 1, 0, 3;
    %cmp/u;
    %jmp/1 T_4.3, 6;
    %dup/vec4;
    %pushi/vec4 2, 0, 3;
    %cmp/u;
    %jmp/1 T_4.4, 6;
    %dup/vec4;
    %pushi/vec4 3, 0, 3;
    %cmp/u;
    %jmp/1 T_4.5, 6;
    %dup/vec4;
    %pushi/vec4 4, 0, 3;
    %cmp/u;
    %jmp/1 T_4.6, 6;
    %dup/vec4;
    %pushi/vec4 5, 0, 3;
    %cmp/u;
    %jmp/1 T_4.7, 6;
    %jmp T_4.8;
T_4.2 ;
    %pushi/vec4 0, 0, 8;
    %assign/vec4 v000002d9cde62690_0, 0;
    %pushi/vec4 0, 0, 6;
    %assign/vec4 v000002d9cde63630_0, 0;
    %jmp T_4.8;
T_4.3 ;
    %pushi/vec4 45, 0, 6;
    %assign/vec4 v000002d9cde63630_0, 0;
    %jmp T_4.8;
T_4.4 ;
    %load/vec4 v000002d9cde634f0_0;
    %flag_set/vec4 8;
    %jmp/1 T_4.11, 8;
    %load/vec4 v000002d9cde63630_0;
    %pad/u 32;
    %cmpi/e 0, 0, 32;
    %flag_or 8, 4;
T_4.11;
    %jmp/0xz  T_4.9, 8;
    %load/vec4 v000002d9cde62690_0;
    %addi 1, 0, 8;
    %assign/vec4 v000002d9cde62690_0, 0;
    %pushi/vec4 1, 0, 1;
    %assign/vec4 v000002d9cde631d0_0, 0;
    %jmp T_4.10;
T_4.9 ;
    %load/vec4 v000002d9cde63630_0;
    %subi 1, 0, 6;
    %assign/vec4 v000002d9cde63630_0, 0;
T_4.10 ;
    %jmp T_4.8;
T_4.5 ;
    %pushi/vec4 15, 0, 6;
    %assign/vec4 v000002d9cde63630_0, 0;
    %jmp T_4.8;
T_4.6 ;
    %load/vec4 v000002d9cde63630_0;
    %pad/u 32;
    %cmpi/e 1, 0, 32;
    %jmp/0xz  T_4.12, 4;
    %pushi/vec4 1, 0, 1;
    %assign/vec4 v000002d9cde631d0_0, 0;
T_4.12 ;
    %load/vec4 v000002d9cde63630_0;
    %pad/u 32;
    %cmpi/u 0, 0, 32;
    %flag_or 5, 4; GT is !LE
    %flag_inv 5;
    %jmp/0xz  T_4.14, 5;
    %load/vec4 v000002d9cde63630_0;
    %subi 1, 0, 6;
    %assign/vec4 v000002d9cde63630_0, 0;
T_4.14 ;
    %jmp T_4.8;
T_4.7 ;
    %pushi/vec4 0, 0, 6;
    %assign/vec4 v000002d9cde63630_0, 0;
    %pushi/vec4 1, 0, 1;
    %assign/vec4 v000002d9cde631d0_0, 0;
    %jmp T_4.8;
T_4.8 ;
    %pop/vec4 1;
T_4.1 ;
    %jmp T_4;
    .thread T_4;
    .scope S_000002d9cde75f60;
T_5 ;
    %delay 5000, 0;
    %load/vec4 v000002d9cdee8e80_0;
    %inv;
    %store/vec4 v000002d9cdee8e80_0, 0, 1;
    %jmp T_5;
    .thread T_5;
    .scope S_000002d9cde75f60;
T_6 ;
    %pushi/vec4 0, 0, 1;
    %store/vec4 v000002d9cdee8e80_0, 0, 1;
    %pushi/vec4 1, 0, 1;
    %store/vec4 v000002d9cdee9ce0_0, 0, 1;
    %pushi/vec4 0, 0, 1;
    %store/vec4 v000002d9cdee7e40_0, 0, 1;
    %pushi/vec4 0, 0, 1;
    %store/vec4 v000002d9cdee92e0_0, 0, 1;
    %delay 20000, 0;
    %pushi/vec4 0, 0, 1;
    %store/vec4 v000002d9cdee9ce0_0, 0, 1;
    %vpi_func 2 44 "$fopen" 32, "input.txt", "r" {0 0 0};
    %store/vec4 v000002d9cdee9240_0, 0, 32;
    %vpi_func 2 45 "$fopen" 32, "output.txt", "w" {0 0 0};
    %store/vec4 v000002d9cdee8ac0_0, 0, 32;
    %load/vec4 v000002d9cdee9240_0;
    %cmpi/e 0, 0, 32;
    %jmp/0xz  T_6.0, 4;
    %vpi_call 2 48 "$display", "Failed to open input.txt" {0 0 0};
    %vpi_call 2 49 "$finish" {0 0 0};
T_6.0 ;
    %load/vec4 v000002d9cdee8ac0_0;
    %cmpi/e 0, 0, 32;
    %jmp/0xz  T_6.2, 4;
    %vpi_call 2 53 "$display", "Failed to open output.txt" {0 0 0};
    %vpi_call 2 54 "$finish" {0 0 0};
T_6.2 ;
    %pushi/vec4 0, 0, 32;
    %store/vec4 v000002d9cdee9c40_0, 0, 32;
T_6.4 ;
    %load/vec4 v000002d9cdee9c40_0;
    %cmpi/s 5, 0, 32;
    %jmp/0xz T_6.5, 5;
    %vpi_func 2 58 "$fscanf" 32, v000002d9cdee9240_0, "%b %b %b %b\012", v000002d9cdee9880_0, v000002d9cdee8a20_0, v000002d9cdee9ba0_0, v000002d9cdee8d40_0 {0 0 0};
    %store/vec4 v000002d9cdee8b60_0, 0, 32;
    %delay 10000, 0;
    %pushi/vec4 1, 0, 1;
    %store/vec4 v000002d9cdee7e40_0, 0, 1;
    %delay 10000, 0;
    %pushi/vec4 0, 0, 1;
    %store/vec4 v000002d9cdee7e40_0, 0, 1;
    %delay 600000, 0;
    %load/vec4 v000002d9cdee9c40_0;
    %addi 1, 0, 32;
    %vpi_call 2 67 "$fwrite", v000002d9cdee8ac0_0, "Test %0d: Cal=%0d W=%0d Gender=%0d MET=%0d => Workout_Num=%0d Time_Remain=%0d Buzzer=%0d \012", S<0,vec4,s32>, v000002d9cdee8a20_0, v000002d9cdee9880_0, v000002d9cdee8d40_0, v000002d9cdee9ba0_0, v000002d9cdee8160_0, v000002d9cdee8200_0, v000002d9cdee9a60_0 {1 0 0};
    %pushi/vec4 500, 0, 32;
T_6.6 %dup/vec4;
    %pushi/vec4 0, 0, 32;
    %cmp/s;
    %jmp/1xz T_6.7, 5;
    %jmp/1 T_6.7, 4;
    %pushi/vec4 1, 0, 32;
    %sub;
    %delay 10000, 0;
    %vpi_call 2 72 "$fwrite", v000002d9cdee8ac0_0, "Time=%0t Workout_Num=%0d Time_Remain=%0d Buzzer=%0d\012", $time, v000002d9cdee8160_0, v000002d9cdee8200_0, v000002d9cdee9a60_0 {0 0 0};
    %jmp T_6.6;
T_6.7 ;
    %pop/vec4 1;
    %delay 20000, 0;
    %pushi/vec4 1, 0, 1;
    %store/vec4 v000002d9cdee9ce0_0, 0, 1;
    %delay 10000, 0;
    %pushi/vec4 0, 0, 1;
    %store/vec4 v000002d9cdee9ce0_0, 0, 1;
    %load/vec4 v000002d9cdee9c40_0;
    %addi 1, 0, 32;
    %store/vec4 v000002d9cdee9c40_0, 0, 32;
    %jmp T_6.4;
T_6.5 ;
    %vpi_call 2 82 "$fclose", v000002d9cdee9240_0 {0 0 0};
    %vpi_call 2 83 "$fclose", v000002d9cdee8ac0_0 {0 0 0};
    %vpi_call 2 84 "$display", "Simulation complete. Results saved in output.txt" {0 0 0};
    %delay 10000, 0;
    %vpi_call 2 86 "$finish" {0 0 0};
    %end;
    .thread T_6;
# The file index is used to find the file name in the following table.
:file_names 4;
    "N/A";
    "<interactive>";
    "TopModule_tb.v";
    "projectLogicLab.v";
